datasets loaded
dataloaders built
model built
start training
Train: [0/25882 (0%)]	Loss: 0.914520	Average nonzero triplets: 104.0
Train: [2400/25882 (12%)]	Loss: 0.874123	Average nonzero triplets: 108.01960784313725
Train: [4200/25882 (25%)]	Loss: 0.874108	Average nonzero triplets: 107.33663366336634
Train: [7950/25882 (37%)]	Loss: 0.830906	Average nonzero triplets: 105.68211920529801
Train: [7800/25882 (50%)]	Loss: 0.852554	Average nonzero triplets: 105.68159203980099
Train: [8750/25882 (62%)]	Loss: 0.837115	Average nonzero triplets: 105.25099601593625
Train: [11700/25882 (74%)]	Loss: 0.800329	Average nonzero triplets: 104.24584717607974
Train: [14000/25882 (87%)]	Loss: 0.781490	Average nonzero triplets: 103.47578347578347
Train: [16800/25882 (99%)]	Loss: 0.748760	Average nonzero triplets: 103.36907730673316
Epoch: 1/100. Train set: Average loss: 0.8241	Average nonzero triplets: 103.21534653465346
Epoch: 1/100. Validation set: Average loss: 0.8546	Average nonzero triplets: 41.387387387387385
Train: [0/25882 (0%)]	Loss: 0.801255	Average nonzero triplets: 104.0
Train: [1950/25882 (12%)]	Loss: 0.777189	Average nonzero triplets: 99.6078431372549
Train: [3900/25882 (25%)]	Loss: 0.772299	Average nonzero triplets: 96.17821782178218
Train: [8100/25882 (37%)]	Loss: 0.825731	Average nonzero triplets: 97.52980132450331
Train: [8400/25882 (50%)]	Loss: 0.778151	Average nonzero triplets: 99.27860696517413
Train: [10750/25882 (62%)]	Loss: 0.742574	Average nonzero triplets: 100.16733067729083
Train: [13200/25882 (74%)]	Loss: 0.750081	Average nonzero triplets: 100.6046511627907
Train: [12600/25882 (87%)]	Loss: 0.736496	Average nonzero triplets: 100.09401709401709
Train: [19200/25882 (99%)]	Loss: 0.695297	Average nonzero triplets: 100.08977556109726
Epoch: 2/100. Train set: Average loss: 0.7599	Average nonzero triplets: 100.18811881188118
Epoch: 2/100. Validation set: Average loss: 0.7445	Average nonzero triplets: 41.090090090090094
Train: [0/25882 (0%)]	Loss: 0.799876	Average nonzero triplets: 61.0
Train: [2100/25882 (12%)]	Loss: 0.713759	Average nonzero triplets: 104.90196078431373
Train: [3700/25882 (25%)]	Loss: 0.704902	Average nonzero triplets: 103.35643564356435
Train: [6000/25882 (37%)]	Loss: 0.708326	Average nonzero triplets: 102.9271523178808
Train: [9800/25882 (50%)]	Loss: 0.734918	Average nonzero triplets: 103.50248756218906
Train: [10750/25882 (62%)]	Loss: 0.696679	Average nonzero triplets: 103.96812749003983
Train: [10500/25882 (74%)]	Loss: 0.689941	Average nonzero triplets: 102.15946843853821
Train: [13300/25882 (87%)]	Loss: 0.689962	Average nonzero triplets: 100.83190883190883
Train: [16800/25882 (99%)]	Loss: 0.728984	Average nonzero triplets: 100.59850374064838
Epoch: 3/100. Train set: Average loss: 0.7092	Average nonzero triplets: 100.76980198019803
Epoch: 3/100. Validation set: Average loss: 0.7613	Average nonzero triplets: 39.292792792792795
Train: [0/25882 (0%)]	Loss: 0.890254	Average nonzero triplets: 123.0
Train: [2200/25882 (12%)]	Loss: 0.702011	Average nonzero triplets: 98.25490196078431
Train: [4900/25882 (25%)]	Loss: 0.708133	Average nonzero triplets: 100.12871287128714
Train: [5550/25882 (37%)]	Loss: 0.677515	Average nonzero triplets: 100.3841059602649
Train: [8800/25882 (50%)]	Loss: 0.706602	Average nonzero triplets: 100.5223880597015
Train: [11000/25882 (62%)]	Loss: 0.670089	Average nonzero triplets: 99.57370517928287
Train: [11700/25882 (74%)]	Loss: 0.674515	Average nonzero triplets: 98.85382059800665
Train: [16100/25882 (87%)]	Loss: 0.696185	Average nonzero triplets: 98.35612535612536
Train: [16800/25882 (99%)]	Loss: 0.678189	Average nonzero triplets: 99.45386533665835
Epoch: 4/100. Train set: Average loss: 0.6888	Average nonzero triplets: 99.35148514851485
Epoch: 4/100. Validation set: Average loss: 0.6925	Average nonzero triplets: 38.27477477477478
Train: [0/25882 (0%)]	Loss: 0.594739	Average nonzero triplets: 124.0
Train: [2050/25882 (12%)]	Loss: 0.679616	Average nonzero triplets: 95.6078431372549
Train: [4000/25882 (25%)]	Loss: 0.652246	Average nonzero triplets: 96.26732673267327
Train: [5550/25882 (37%)]	Loss: 0.637827	Average nonzero triplets: 94.24503311258277
Train: [7000/25882 (50%)]	Loss: 0.643096	Average nonzero triplets: 95.4776119402985
Train: [10750/25882 (62%)]	Loss: 0.634323	Average nonzero triplets: 94.63745019920319
Train: [16500/25882 (74%)]	Loss: 0.629948	Average nonzero triplets: 94.25249169435216
Train: [15050/25882 (87%)]	Loss: 0.661531	Average nonzero triplets: 94.96581196581197
Train: [18000/25882 (99%)]	Loss: 0.691756	Average nonzero triplets: 95.64588528678304
Epoch: 5/100. Train set: Average loss: 0.6538	Average nonzero triplets: 95.62871287128714
Epoch: 5/100. Validation set: Average loss: 0.6761	Average nonzero triplets: 37.567567567567565
Train: [0/25882 (0%)]	Loss: 0.659359	Average nonzero triplets: 111.0
Train: [2050/25882 (12%)]	Loss: 0.638872	Average nonzero triplets: 92.72549019607843
Train: [4300/25882 (25%)]	Loss: 0.618429	Average nonzero triplets: 93.01980198019803
Train: [5550/25882 (37%)]	Loss: 0.667805	Average nonzero triplets: 92.42384105960265
Train: [9800/25882 (50%)]	Loss: 0.623806	Average nonzero triplets: 94.07960199004975
Train: [9250/25882 (62%)]	Loss: 0.644042	Average nonzero triplets: 93.56972111553785
Train: [12600/25882 (74%)]	Loss: 0.670183	Average nonzero triplets: 94.18936877076412
Train: [13650/25882 (87%)]	Loss: 0.651600	Average nonzero triplets: 93.7008547008547
Train: [16000/25882 (99%)]	Loss: 0.662034	Average nonzero triplets: 94.71072319201996
Epoch: 6/100. Train set: Average loss: 0.6475	Average nonzero triplets: 94.70297029702971
Epoch: 6/100. Validation set: Average loss: 0.6906	Average nonzero triplets: 37.02252252252252
Train: [0/25882 (0%)]	Loss: 0.687568	Average nonzero triplets: 146.0
Train: [2500/25882 (12%)]	Loss: 0.638725	Average nonzero triplets: 103.13725490196079
Train: [3600/25882 (25%)]	Loss: 0.612975	Average nonzero triplets: 95.89108910891089
Train: [6450/25882 (37%)]	Loss: 0.642213	Average nonzero triplets: 94.33774834437087
Train: [7800/25882 (50%)]	Loss: 0.625818	Average nonzero triplets: 93.80597014925372
Train: [11000/25882 (62%)]	Loss: 0.639309	Average nonzero triplets: 93.68924302788845
Train: [12300/25882 (74%)]	Loss: 0.660181	Average nonzero triplets: 93.65448504983388
Train: [15050/25882 (87%)]	Loss: 0.647072	Average nonzero triplets: 94.3076923076923
Train: [14800/25882 (99%)]	Loss: 0.624515	Average nonzero triplets: 94.20448877805487
Epoch: 7/100. Train set: Average loss: 0.6359	Average nonzero triplets: 94.22277227722772
Epoch: 7/100. Validation set: Average loss: 0.6555	Average nonzero triplets: 37.93693693693694
Train: [0/25882 (0%)]	Loss: 0.546629	Average nonzero triplets: 50.0
Train: [2000/25882 (12%)]	Loss: 0.605979	Average nonzero triplets: 97.17647058823529
Train: [3700/25882 (25%)]	Loss: 0.613406	Average nonzero triplets: 92.58415841584159
Train: [6600/25882 (37%)]	Loss: 0.607310	Average nonzero triplets: 92.64238410596026
Train: [7800/25882 (50%)]	Loss: 0.630824	Average nonzero triplets: 91.91044776119404
Train: [10250/25882 (62%)]	Loss: 0.600462	Average nonzero triplets: 91.2191235059761
Train: [12000/25882 (74%)]	Loss: 0.614043	Average nonzero triplets: 91.1827242524917
Train: [14350/25882 (87%)]	Loss: 0.572831	Average nonzero triplets: 90.96866096866097
Train: [19200/25882 (99%)]	Loss: 0.581520	Average nonzero triplets: 91.56857855361596
Epoch: 8/100. Train set: Average loss: 0.6028	Average nonzero triplets: 91.70544554455445
Epoch: 8/100. Validation set: Average loss: 0.6179	Average nonzero triplets: 39.4954954954955
Train: [0/25882 (0%)]	Loss: 0.377358	Average nonzero triplets: 99.0
Train: [1850/25882 (12%)]	Loss: 0.584358	Average nonzero triplets: 94.29411764705883
Train: [4900/25882 (25%)]	Loss: 0.591435	Average nonzero triplets: 92.32673267326733
Train: [6300/25882 (37%)]	Loss: 0.571273	Average nonzero triplets: 95.02649006622516
Train: [9800/25882 (50%)]	Loss: 0.575998	Average nonzero triplets: 94.61691542288557
Train: [7750/25882 (62%)]	Loss: 0.561661	Average nonzero triplets: 93.47011952191235
Train: [11700/25882 (74%)]	Loss: 0.571758	Average nonzero triplets: 93.21594684385381
Train: [16800/25882 (87%)]	Loss: 0.590891	Average nonzero triplets: 93.41595441595442
Train: [19600/25882 (99%)]	Loss: 0.550455	Average nonzero triplets: 92.47630922693267
Epoch: 9/100. Train set: Average loss: 0.5740	Average nonzero triplets: 92.52227722772277
Epoch: 9/100. Validation set: Average loss: 0.6017	Average nonzero triplets: 34.63963963963964
Train: [0/25882 (0%)]	Loss: 0.361652	Average nonzero triplets: 92.0
Train: [1700/25882 (12%)]	Loss: 0.581398	Average nonzero triplets: 99.86274509803921
Train: [3500/25882 (25%)]	Loss: 0.564066	Average nonzero triplets: 94.4059405940594
Train: [6900/25882 (37%)]	Loss: 0.578295	Average nonzero triplets: 94.09271523178808
Train: [8800/25882 (50%)]	Loss: 0.549736	Average nonzero triplets: 92.05970149253731
Train: [10500/25882 (62%)]	Loss: 0.582678	Average nonzero triplets: 92.57768924302789
Train: [11400/25882 (74%)]	Loss: 0.543528	Average nonzero triplets: 92.04983388704319
Train: [15400/25882 (87%)]	Loss: 0.562532	Average nonzero triplets: 92.73219373219374
Train: [17600/25882 (99%)]	Loss: 0.577650	Average nonzero triplets: 93.3142144638404
Epoch: 10/100. Train set: Average loss: 0.5669	Average nonzero triplets: 93.40841584158416
Epoch: 10/100. Validation set: Average loss: 0.6029	Average nonzero triplets: 34.927927927927925
Train: [0/25882 (0%)]	Loss: 0.619060	Average nonzero triplets: 74.0
Train: [2250/25882 (12%)]	Loss: 0.595319	Average nonzero triplets: 90.56862745098039
Train: [4700/25882 (25%)]	Loss: 0.587388	Average nonzero triplets: 88.87128712871286
Train: [6450/25882 (37%)]	Loss: 0.586363	Average nonzero triplets: 88.74172185430463
Train: [10400/25882 (50%)]	Loss: 0.555025	Average nonzero triplets: 88.68159203980099
Train: [9500/25882 (62%)]	Loss: 0.572691	Average nonzero triplets: 89.37848605577689
Train: [13800/25882 (74%)]	Loss: 0.542462	Average nonzero triplets: 89.77076411960132
Train: [17150/25882 (87%)]	Loss: 0.577982	Average nonzero triplets: 89.77777777777777
Train: [16000/25882 (99%)]	Loss: 0.570670	Average nonzero triplets: 89.0997506234414
Epoch: 11/100. Train set: Average loss: 0.5733	Average nonzero triplets: 89.04455445544555
Epoch: 11/100. Validation set: Average loss: 0.5922	Average nonzero triplets: 35.927927927927925
Train: [0/25882 (0%)]	Loss: 0.426496	Average nonzero triplets: 78.0
Train: [2700/25882 (12%)]	Loss: 0.572828	Average nonzero triplets: 93.37254901960785
Train: [4400/25882 (25%)]	Loss: 0.563466	Average nonzero triplets: 94.0
Train: [5250/25882 (37%)]	Loss: 0.561613	Average nonzero triplets: 94.9271523178808
Train: [8800/25882 (50%)]	Loss: 0.584897	Average nonzero triplets: 93.50746268656717
Train: [10750/25882 (62%)]	Loss: 0.549946	Average nonzero triplets: 92.5219123505976
Train: [14700/25882 (74%)]	Loss: 0.558939	Average nonzero triplets: 91.0299003322259
Train: [12250/25882 (87%)]	Loss: 0.530240	Average nonzero triplets: 90.76068376068376
Train: [16800/25882 (99%)]	Loss: 0.562619	Average nonzero triplets: 90.23940149625935
Epoch: 12/100. Train set: Average loss: 0.5606	Average nonzero triplets: 90.3069306930693
Epoch: 12/100. Validation set: Average loss: 0.5890	Average nonzero triplets: 33.81981981981982
Train: [0/25882 (0%)]	Loss: 0.651638	Average nonzero triplets: 112.0
Train: [2150/25882 (12%)]	Loss: 0.539857	Average nonzero triplets: 99.84313725490196
Train: [4100/25882 (25%)]	Loss: 0.544501	Average nonzero triplets: 95.83168316831683
Train: [8250/25882 (37%)]	Loss: 0.534889	Average nonzero triplets: 93.93377483443709
Train: [9400/25882 (50%)]	Loss: 0.549391	Average nonzero triplets: 91.69651741293532
Train: [11000/25882 (62%)]	Loss: 0.543755	Average nonzero triplets: 92.199203187251
Train: [14700/25882 (74%)]	Loss: 0.551197	Average nonzero triplets: 92.30564784053156
Train: [10850/25882 (87%)]	Loss: 0.554704	Average nonzero triplets: 91.13960113960114
Train: [15600/25882 (99%)]	Loss: 0.565002	Average nonzero triplets: 91.06733167082294
Epoch: 13/100. Train set: Average loss: 0.5484	Average nonzero triplets: 91.10148514851485
Epoch: 13/100. Validation set: Average loss: 0.5920	Average nonzero triplets: 33.608108108108105
Train: [0/25882 (0%)]	Loss: 0.654992	Average nonzero triplets: 44.0
Train: [2100/25882 (12%)]	Loss: 0.558212	Average nonzero triplets: 88.29411764705883
Train: [4600/25882 (25%)]	Loss: 0.553479	Average nonzero triplets: 88.58415841584159
Train: [6300/25882 (37%)]	Loss: 0.508979	Average nonzero triplets: 88.25165562913908
Train: [7600/25882 (50%)]	Loss: 0.541889	Average nonzero triplets: 88.5223880597015
Train: [10500/25882 (62%)]	Loss: 0.553166	Average nonzero triplets: 88.81673306772909
Train: [12600/25882 (74%)]	Loss: 0.545214	Average nonzero triplets: 88.82392026578073
Train: [16800/25882 (87%)]	Loss: 0.580319	Average nonzero triplets: 89.74643874643874
Train: [14000/25882 (99%)]	Loss: 0.542973	Average nonzero triplets: 89.0349127182045
Epoch: 14/100. Train set: Average loss: 0.5478	Average nonzero triplets: 89.04950495049505
Epoch: 14/100. Validation set: Average loss: 0.5805	Average nonzero triplets: 36.2027027027027
Train: [0/25882 (0%)]	Loss: 0.678637	Average nonzero triplets: 72.0
Train: [2100/25882 (12%)]	Loss: 0.562888	Average nonzero triplets: 95.45098039215686
Train: [4400/25882 (25%)]	Loss: 0.557138	Average nonzero triplets: 91.78217821782178
Train: [6150/25882 (37%)]	Loss: 0.543179	Average nonzero triplets: 89.49006622516556
Train: [8600/25882 (50%)]	Loss: 0.565552	Average nonzero triplets: 90.76616915422886
Train: [14250/25882 (62%)]	Loss: 0.532177	Average nonzero triplets: 91.49402390438247
Train: [11700/25882 (74%)]	Loss: 0.522395	Average nonzero triplets: 91.08305647840531
Train: [16800/25882 (87%)]	Loss: 0.541589	Average nonzero triplets: 91.65811965811966
Train: [16800/25882 (99%)]	Loss: 0.539318	Average nonzero triplets: 91.72319201995012
Epoch: 15/100. Train set: Average loss: 0.5453	Average nonzero triplets: 91.63118811881188
Epoch: 15/100. Validation set: Average loss: 0.5780	Average nonzero triplets: 35.16216216216216
Train: [0/25882 (0%)]	Loss: 0.458333	Average nonzero triplets: 74.0
Train: [2400/25882 (12%)]	Loss: 0.553672	Average nonzero triplets: 94.86274509803921
Train: [4800/25882 (25%)]	Loss: 0.544062	Average nonzero triplets: 93.20792079207921
Train: [6900/25882 (37%)]	Loss: 0.547797	Average nonzero triplets: 91.41721854304636
Train: [8600/25882 (50%)]	Loss: 0.549258	Average nonzero triplets: 88.82587064676616
Train: [11500/25882 (62%)]	Loss: 0.552478	Average nonzero triplets: 89.0796812749004
Train: [12300/25882 (74%)]	Loss: 0.549728	Average nonzero triplets: 88.97674418604652
Train: [13650/25882 (87%)]	Loss: 0.535250	Average nonzero triplets: 88.8005698005698
Train: [13600/25882 (99%)]	Loss: 0.556227	Average nonzero triplets: 87.99002493765586
Epoch: 16/100. Train set: Average loss: 0.5485	Average nonzero triplets: 88.01237623762377
Epoch: 16/100. Validation set: Average loss: 0.5978	Average nonzero triplets: 35.12162162162162
Train: [0/25882 (0%)]	Loss: 0.662647	Average nonzero triplets: 110.0
Train: [1900/25882 (12%)]	Loss: 0.522238	Average nonzero triplets: 88.13725490196079
Train: [4100/25882 (25%)]	Loss: 0.546884	Average nonzero triplets: 88.21782178217822
Train: [6750/25882 (37%)]	Loss: 0.526429	Average nonzero triplets: 90.21854304635761
Train: [8000/25882 (50%)]	Loss: 0.552839	Average nonzero triplets: 88.7363184079602
Train: [10500/25882 (62%)]	Loss: 0.497215	Average nonzero triplets: 88.33864541832669
Train: [11100/25882 (74%)]	Loss: 0.519294	Average nonzero triplets: 87.51827242524917
Train: [12600/25882 (87%)]	Loss: 0.554775	Average nonzero triplets: 88.01709401709402
Train: [19200/25882 (99%)]	Loss: 0.553478	Average nonzero triplets: 88.90523690773067
Epoch: 17/100. Train set: Average loss: 0.5341	Average nonzero triplets: 88.88613861386139
Epoch: 17/100. Validation set: Average loss: 0.5816	Average nonzero triplets: 35.23873873873874
Train: [0/25882 (0%)]	Loss: 0.439985	Average nonzero triplets: 40.0
Train: [2350/25882 (12%)]	Loss: 0.522840	Average nonzero triplets: 92.94117647058823
Train: [4800/25882 (25%)]	Loss: 0.558743	Average nonzero triplets: 94.37623762376238
Train: [6000/25882 (37%)]	Loss: 0.569066	Average nonzero triplets: 94.86092715231788
Train: [7600/25882 (50%)]	Loss: 0.566486	Average nonzero triplets: 94.5223880597015
Train: [12250/25882 (62%)]	Loss: 0.541196	Average nonzero triplets: 93.12350597609561
Train: [16200/25882 (74%)]	Loss: 0.518218	Average nonzero triplets: 92.29900332225914
Train: [17500/25882 (87%)]	Loss: 0.535681	Average nonzero triplets: 91.31908831908832
Train: [16800/25882 (99%)]	Loss: 0.548106	Average nonzero triplets: 91.50374064837905
Epoch: 18/100. Train set: Average loss: 0.5443	Average nonzero triplets: 91.38118811881188
Epoch: 18/100. Validation set: Average loss: 0.5621	Average nonzero triplets: 33.75675675675676
Train: [0/25882 (0%)]	Loss: 0.542565	Average nonzero triplets: 73.0
Train: [2100/25882 (12%)]	Loss: 0.538844	Average nonzero triplets: 90.7843137254902
Train: [3800/25882 (25%)]	Loss: 0.550142	Average nonzero triplets: 88.70297029702971
Train: [6600/25882 (37%)]	Loss: 0.592963	Average nonzero triplets: 90.19867549668874
Train: [8800/25882 (50%)]	Loss: 0.543856	Average nonzero triplets: 89.7412935323383
Train: [12750/25882 (62%)]	Loss: 0.530805	Average nonzero triplets: 90.34661354581674
Train: [16200/25882 (74%)]	Loss: 0.551138	Average nonzero triplets: 89.96677740863787
Train: [13650/25882 (87%)]	Loss: 0.526748	Average nonzero triplets: 88.84330484330485
Train: [14000/25882 (99%)]	Loss: 0.553432	Average nonzero triplets: 88.57107231920199
Epoch: 19/100. Train set: Average loss: 0.5478	Average nonzero triplets: 88.60148514851485
Epoch: 19/100. Validation set: Average loss: 0.5656	Average nonzero triplets: 37.130630630630634
Train: [0/25882 (0%)]	Loss: 0.385683	Average nonzero triplets: 70.0
Train: [2000/25882 (12%)]	Loss: 0.547380	Average nonzero triplets: 86.7843137254902
Train: [4400/25882 (25%)]	Loss: 0.507302	Average nonzero triplets: 86.25742574257426
Train: [6000/25882 (37%)]	Loss: 0.552968	Average nonzero triplets: 87.05960264900662
Train: [9400/25882 (50%)]	Loss: 0.549597	Average nonzero triplets: 86.97512437810946
Train: [14250/25882 (62%)]	Loss: 0.534217	Average nonzero triplets: 87.25498007968127
Train: [12600/25882 (74%)]	Loss: 0.571025	Average nonzero triplets: 88.62790697674419
Train: [15750/25882 (87%)]	Loss: 0.563537	Average nonzero triplets: 89.91168091168092
Train: [18400/25882 (99%)]	Loss: 0.574167	Average nonzero triplets: 90.40897755610973
Epoch: 20/100. Train set: Average loss: 0.5497	Average nonzero triplets: 90.36138613861387
Epoch: 20/100. Validation set: Average loss: 0.6122	Average nonzero triplets: 36.67567567567568
Train: [0/25882 (0%)]	Loss: 0.334455	Average nonzero triplets: 99.0
Train: [1700/25882 (12%)]	Loss: 0.543201	Average nonzero triplets: 81.54901960784314
Train: [4200/25882 (25%)]	Loss: 0.562277	Average nonzero triplets: 89.4950495049505
Train: [7050/25882 (37%)]	Loss: 0.553205	Average nonzero triplets: 91.45695364238411
Train: [6800/25882 (50%)]	Loss: 0.553317	Average nonzero triplets: 91.11442786069652
Train: [10500/25882 (62%)]	Loss: 0.547270	Average nonzero triplets: 91.43027888446215
Train: [11700/25882 (74%)]	Loss: 0.574097	Average nonzero triplets: 90.21926910299004
Train: [15050/25882 (87%)]	Loss: 0.553420	Average nonzero triplets: 90.0
Train: [16400/25882 (99%)]	Loss: 0.540055	Average nonzero triplets: 90.08728179551122
Epoch: 21/100. Train set: Average loss: 0.5532	Average nonzero triplets: 89.98019801980197
Epoch: 21/100. Validation set: Average loss: 0.5846	Average nonzero triplets: 35.846846846846844
Train: [0/25882 (0%)]	Loss: 0.364668	Average nonzero triplets: 58.0
Train: [2000/25882 (12%)]	Loss: 0.551728	Average nonzero triplets: 92.3529411764706
Train: [3900/25882 (25%)]	Loss: 0.558669	Average nonzero triplets: 90.5940594059406
Train: [6000/25882 (37%)]	Loss: 0.544870	Average nonzero triplets: 91.41059602649007
Train: [8400/25882 (50%)]	Loss: 0.552685	Average nonzero triplets: 92.4776119402985
Train: [11250/25882 (62%)]	Loss: 0.554515	Average nonzero triplets: 92.11553784860558
Train: [12600/25882 (74%)]	Loss: 0.535737	Average nonzero triplets: 91.04318936877077
Train: [15050/25882 (87%)]	Loss: 0.553568	Average nonzero triplets: 90.08831908831908
Train: [16400/25882 (99%)]	Loss: 0.546230	Average nonzero triplets: 90.47880299251871
Epoch: 22/100. Train set: Average loss: 0.5488	Average nonzero triplets: 90.3440594059406
Epoch: 22/100. Validation set: Average loss: 0.5650	Average nonzero triplets: 37.34234234234234
Train: [0/25882 (0%)]	Loss: 0.821636	Average nonzero triplets: 97.0
Train: [1950/25882 (12%)]	Loss: 0.545135	Average nonzero triplets: 85.90196078431373
Train: [3100/25882 (25%)]	Loss: 0.531436	Average nonzero triplets: 85.73267326732673
Train: [7200/25882 (37%)]	Loss: 0.563428	Average nonzero triplets: 86.52317880794702
Train: [9000/25882 (50%)]	Loss: 0.539157	Average nonzero triplets: 86.67661691542288
Train: [12250/25882 (62%)]	Loss: 0.517262	Average nonzero triplets: 86.79681274900399
Train: [13800/25882 (74%)]	Loss: 0.526251	Average nonzero triplets: 88.02325581395348
Train: [15050/25882 (87%)]	Loss: 0.521196	Average nonzero triplets: 88.55555555555556
Train: [13200/25882 (99%)]	Loss: 0.504544	Average nonzero triplets: 88.17705735660847
Epoch: 23/100. Train set: Average loss: 0.5324	Average nonzero triplets: 88.32425742574257
Epoch: 23/100. Validation set: Average loss: 0.5643	Average nonzero triplets: 36.126126126126124
Train: [0/25882 (0%)]	Loss: 0.680527	Average nonzero triplets: 77.0
Train: [2100/25882 (12%)]	Loss: 0.565452	Average nonzero triplets: 88.27450980392157
Train: [3600/25882 (25%)]	Loss: 0.514463	Average nonzero triplets: 90.16831683168317
Train: [5850/25882 (37%)]	Loss: 0.565707	Average nonzero triplets: 90.64238410596026
Train: [7600/25882 (50%)]	Loss: 0.532962	Average nonzero triplets: 90.72636815920399
Train: [9000/25882 (62%)]	Loss: 0.545725	Average nonzero triplets: 90.9003984063745
Train: [14700/25882 (74%)]	Loss: 0.516940	Average nonzero triplets: 91.20598006644518
Train: [16100/25882 (87%)]	Loss: 0.538033	Average nonzero triplets: 90.66666666666667
Train: [16000/25882 (99%)]	Loss: 0.536572	Average nonzero triplets: 90.71072319201996
Epoch: 24/100. Train set: Average loss: 0.5404	Average nonzero triplets: 90.72029702970298
Epoch: 24/100. Validation set: Average loss: 0.5652	Average nonzero triplets: 36.13963963963964
Train: [0/25882 (0%)]	Loss: 0.473555	Average nonzero triplets: 101.0
Train: [2400/25882 (12%)]	Loss: 0.549541	Average nonzero triplets: 90.72549019607843
Train: [3700/25882 (25%)]	Loss: 0.516550	Average nonzero triplets: 88.94059405940594
Train: [6600/25882 (37%)]	Loss: 0.547007	Average nonzero triplets: 89.58940397350993
Train: [7400/25882 (50%)]	Loss: 0.544417	Average nonzero triplets: 89.87064676616916
Train: [9250/25882 (62%)]	Loss: 0.549017	Average nonzero triplets: 88.58565737051792
Train: [14400/25882 (74%)]	Loss: 0.526646	Average nonzero triplets: 88.83056478405315
Train: [16450/25882 (87%)]	Loss: 0.596892	Average nonzero triplets: 90.31054131054131
Train: [15200/25882 (99%)]	Loss: 0.553109	Average nonzero triplets: 90.43890274314215
Epoch: 25/100. Train set: Average loss: 0.5479	Average nonzero triplets: 90.5569306930693
Epoch: 25/100. Validation set: Average loss: 0.5852	Average nonzero triplets: 37.5
Train: [0/25882 (0%)]	Loss: 0.516744	Average nonzero triplets: 98.0
Train: [2250/25882 (12%)]	Loss: 0.517258	Average nonzero triplets: 86.29411764705883
Train: [3600/25882 (25%)]	Loss: 0.518582	Average nonzero triplets: 86.10891089108911
Train: [5850/25882 (37%)]	Loss: 0.550217	Average nonzero triplets: 88.11920529801324
Train: [8400/25882 (50%)]	Loss: 0.536316	Average nonzero triplets: 88.19402985074628
Train: [10750/25882 (62%)]	Loss: 0.523726	Average nonzero triplets: 88.39840637450199
Train: [13500/25882 (74%)]	Loss: 0.525483	Average nonzero triplets: 88.15282392026577
Train: [16800/25882 (87%)]	Loss: 0.551766	Average nonzero triplets: 88.24501424501425
Train: [14400/25882 (99%)]	Loss: 0.538062	Average nonzero triplets: 88.69077306733168
Epoch: 26/100. Train set: Average loss: 0.5334	Average nonzero triplets: 88.85891089108911
Epoch: 26/100. Validation set: Average loss: 0.5733	Average nonzero triplets: 35.792792792792795
Train: [0/25882 (0%)]	Loss: 0.343838	Average nonzero triplets: 107.0
Train: [1950/25882 (12%)]	Loss: 0.534189	Average nonzero triplets: 91.45098039215686
Train: [4500/25882 (25%)]	Loss: 0.540431	Average nonzero triplets: 92.14851485148515
Train: [5700/25882 (37%)]	Loss: 0.547060	Average nonzero triplets: 92.29801324503312
Train: [8400/25882 (50%)]	Loss: 0.542602	Average nonzero triplets: 91.60696517412936
Train: [9500/25882 (62%)]	Loss: 0.550097	Average nonzero triplets: 91.1593625498008
Train: [13800/25882 (74%)]	Loss: 0.550494	Average nonzero triplets: 90.80398671096346
Train: [12950/25882 (87%)]	Loss: 0.565721	Average nonzero triplets: 91.2022792022792
Train: [19600/25882 (99%)]	Loss: 0.558197	Average nonzero triplets: 91.6857855361596
Epoch: 27/100. Train set: Average loss: 0.5483	Average nonzero triplets: 91.72772277227723
Epoch: 27/100. Validation set: Average loss: 0.5750	Average nonzero triplets: 34.626126126126124
Train: [0/25882 (0%)]	Loss: 0.754725	Average nonzero triplets: 121.0
Train: [2000/25882 (12%)]	Loss: 0.537155	Average nonzero triplets: 88.90196078431373
Train: [4500/25882 (25%)]	Loss: 0.533165	Average nonzero triplets: 87.41584158415841
Train: [5850/25882 (37%)]	Loss: 0.560070	Average nonzero triplets: 87.43708609271523
Train: [8800/25882 (50%)]	Loss: 0.541099	Average nonzero triplets: 86.95522388059702
Train: [9000/25882 (62%)]	Loss: 0.536204	Average nonzero triplets: 86.61752988047809
Train: [11400/25882 (74%)]	Loss: 0.542656	Average nonzero triplets: 87.23920265780731
Train: [17500/25882 (87%)]	Loss: 0.530919	Average nonzero triplets: 88.04558404558405
Train: [15600/25882 (99%)]	Loss: 0.557246	Average nonzero triplets: 87.91770573566085
Epoch: 28/100. Train set: Average loss: 0.5427	Average nonzero triplets: 87.9950495049505
Epoch: 28/100. Validation set: Average loss: 0.5757	Average nonzero triplets: 36.590090090090094
Train: [0/25882 (0%)]	Loss: 0.701877	Average nonzero triplets: 50.0
Train: [2000/25882 (12%)]	Loss: 0.565070	Average nonzero triplets: 93.84313725490196
Train: [5100/25882 (25%)]	Loss: 0.537092	Average nonzero triplets: 90.45544554455445
Train: [7200/25882 (37%)]	Loss: 0.526545	Average nonzero triplets: 89.1523178807947
Train: [8000/25882 (50%)]	Loss: 0.529724	Average nonzero triplets: 87.33333333333333
Train: [8250/25882 (62%)]	Loss: 0.520057	Average nonzero triplets: 88.19123505976096
Train: [10500/25882 (74%)]	Loss: 0.521993	Average nonzero triplets: 86.81063122923588
Train: [13650/25882 (87%)]	Loss: 0.537698	Average nonzero triplets: 86.45584045584046
Train: [14400/25882 (99%)]	Loss: 0.529926	Average nonzero triplets: 86.34413965087282
Epoch: 29/100. Train set: Average loss: 0.5345	Average nonzero triplets: 86.25247524752476
Epoch: 29/100. Validation set: Average loss: 0.5711	Average nonzero triplets: 35.2027027027027
Train: [0/25882 (0%)]	Loss: 0.670694	Average nonzero triplets: 48.0
Train: [1950/25882 (12%)]	Loss: 0.522272	Average nonzero triplets: 84.11764705882354
Train: [3600/25882 (25%)]	Loss: 0.525520	Average nonzero triplets: 86.48514851485149
Train: [5700/25882 (37%)]	Loss: 0.563209	Average nonzero triplets: 88.50993377483444
Train: [8800/25882 (50%)]	Loss: 0.544037	Average nonzero triplets: 88.92537313432835
Train: [11750/25882 (62%)]	Loss: 0.506536	Average nonzero triplets: 88.33466135458167
Train: [11400/25882 (74%)]	Loss: 0.534812	Average nonzero triplets: 87.58803986710963
Train: [17500/25882 (87%)]	Loss: 0.535907	Average nonzero triplets: 88.17663817663818
Train: [16400/25882 (99%)]	Loss: 0.531753	Average nonzero triplets: 88.22693266832918
Epoch: 30/100. Train set: Average loss: 0.5322	Average nonzero triplets: 87.99009900990099
Epoch: 30/100. Validation set: Average loss: 0.5565	Average nonzero triplets: 37.031531531531535
Train: [0/25882 (0%)]	Loss: 0.696996	Average nonzero triplets: 76.0
Train: [2150/25882 (12%)]	Loss: 0.552903	Average nonzero triplets: 93.82352941176471
Train: [3700/25882 (25%)]	Loss: 0.540431	Average nonzero triplets: 91.52475247524752
Train: [7800/25882 (37%)]	Loss: 0.549491	Average nonzero triplets: 90.58278145695364
Train: [10200/25882 (50%)]	Loss: 0.516356	Average nonzero triplets: 89.40796019900498
Train: [13000/25882 (62%)]	Loss: 0.528785	Average nonzero triplets: 89.36254980079681
Train: [11700/25882 (74%)]	Loss: 0.522716	Average nonzero triplets: 90.06312292358804
Train: [13650/25882 (87%)]	Loss: 0.530784	Average nonzero triplets: 89.21367521367522
Train: [20000/25882 (99%)]	Loss: 0.524929	Average nonzero triplets: 89.76807980049875
Epoch: 31/100. Train set: Average loss: 0.5345	Average nonzero triplets: 89.8490099009901
Epoch: 31/100. Validation set: Average loss: 0.5803	Average nonzero triplets: 32.6981981981982
Train: [0/25882 (0%)]	Loss: 0.569583	Average nonzero triplets: 92.0
Train: [2200/25882 (12%)]	Loss: 0.543820	Average nonzero triplets: 86.82352941176471
Train: [3900/25882 (25%)]	Loss: 0.543387	Average nonzero triplets: 89.17821782178218
Train: [5850/25882 (37%)]	Loss: 0.520191	Average nonzero triplets: 88.26490066225166
Train: [8600/25882 (50%)]	Loss: 0.534917	Average nonzero triplets: 89.98009950248756
Train: [9250/25882 (62%)]	Loss: 0.555710	Average nonzero triplets: 89.38645418326693
Train: [12900/25882 (74%)]	Loss: 0.546842	Average nonzero triplets: 90.45182724252491
Train: [13650/25882 (87%)]	Loss: 0.529735	Average nonzero triplets: 89.9002849002849
Train: [20000/25882 (99%)]	Loss: 0.542135	Average nonzero triplets: 90.34912718204488
Epoch: 32/100. Train set: Average loss: 0.5403	Average nonzero triplets: 90.3019801980198
Epoch: 32/100. Validation set: Average loss: 0.5568	Average nonzero triplets: 37.72522522522522
Train: [0/25882 (0%)]	Loss: 0.429143	Average nonzero triplets: 95.0
Train: [1800/25882 (12%)]	Loss: 0.546377	Average nonzero triplets: 87.01960784313725
Train: [4300/25882 (25%)]	Loss: 0.555338	Average nonzero triplets: 88.97029702970298
Train: [6600/25882 (37%)]	Loss: 0.541756	Average nonzero triplets: 87.2251655629139
Train: [9400/25882 (50%)]	Loss: 0.530989	Average nonzero triplets: 85.29353233830845
Train: [6500/25882 (62%)]	Loss: 0.541329	Average nonzero triplets: 84.44621513944223
Train: [12300/25882 (74%)]	Loss: 0.531738	Average nonzero triplets: 84.68770764119601
Train: [15050/25882 (87%)]	Loss: 0.544780	Average nonzero triplets: 85.01709401709402
Train: [14800/25882 (99%)]	Loss: 0.551345	Average nonzero triplets: 85.60099750623442
Epoch: 33/100. Train set: Average loss: 0.5428	Average nonzero triplets: 85.64603960396039
Epoch: 33/100. Validation set: Average loss: 0.5639	Average nonzero triplets: 34.31531531531532
Train: [0/25882 (0%)]	Loss: 0.685998	Average nonzero triplets: 98.0
Train: [2400/25882 (12%)]	Loss: 0.537583	Average nonzero triplets: 84.3921568627451
Train: [4500/25882 (25%)]	Loss: 0.522125	Average nonzero triplets: 85.62376237623762
Train: [6150/25882 (37%)]	Loss: 0.536931	Average nonzero triplets: 84.59602649006622
Train: [7800/25882 (50%)]	Loss: 0.528845	Average nonzero triplets: 85.59203980099502
Train: [9000/25882 (62%)]	Loss: 0.526709	Average nonzero triplets: 85.83665338645419
Train: [12300/25882 (74%)]	Loss: 0.553977	Average nonzero triplets: 87.71428571428571
Train: [18550/25882 (87%)]	Loss: 0.544480	Average nonzero triplets: 87.4928774928775
Train: [15600/25882 (99%)]	Loss: 0.531855	Average nonzero triplets: 87.58104738154613
Epoch: 34/100. Train set: Average loss: 0.5353	Average nonzero triplets: 87.66831683168317
Epoch: 34/100. Validation set: Average loss: 0.5773	Average nonzero triplets: 36.84234234234234
Train: [0/25882 (0%)]	Loss: 0.541930	Average nonzero triplets: 141.0
Train: [2300/25882 (12%)]	Loss: 0.545626	Average nonzero triplets: 91.3921568627451
Train: [4600/25882 (25%)]	Loss: 0.549532	Average nonzero triplets: 91.4950495049505
Train: [6300/25882 (37%)]	Loss: 0.548411	Average nonzero triplets: 90.45695364238411
Train: [7600/25882 (50%)]	Loss: 0.554767	Average nonzero triplets: 90.78109452736318
Train: [10250/25882 (62%)]	Loss: 0.542206	Average nonzero triplets: 89.61752988047809
Train: [11400/25882 (74%)]	Loss: 0.535343	Average nonzero triplets: 89.51495016611295
Train: [14700/25882 (87%)]	Loss: 0.507296	Average nonzero triplets: 89.7094017094017
Train: [16800/25882 (99%)]	Loss: 0.549614	Average nonzero triplets: 89.36907730673316
Epoch: 35/100. Train set: Average loss: 0.5415	Average nonzero triplets: 89.42821782178218
Epoch: 35/100. Validation set: Average loss: 0.5962	Average nonzero triplets: 36.306306306306304
Train: [0/25882 (0%)]	Loss: 0.589482	Average nonzero triplets: 100.0
Train: [1900/25882 (12%)]	Loss: 0.566364	Average nonzero triplets: 89.11764705882354
Train: [4200/25882 (25%)]	Loss: 0.549509	Average nonzero triplets: 90.8019801980198
Train: [6600/25882 (37%)]	Loss: 0.516751	Average nonzero triplets: 89.83443708609272
Train: [10000/25882 (50%)]	Loss: 0.555858	Average nonzero triplets: 89.85572139303483
Train: [11500/25882 (62%)]	Loss: 0.544761	Average nonzero triplets: 89.43027888446215
Train: [12900/25882 (74%)]	Loss: 0.537566	Average nonzero triplets: 89.88039867109634
Train: [16800/25882 (87%)]	Loss: 0.543941	Average nonzero triplets: 89.52706552706553
Train: [18800/25882 (99%)]	Loss: 0.527958	Average nonzero triplets: 89.78054862842893
Epoch: 36/100. Train set: Average loss: 0.5423	Average nonzero triplets: 89.8069306930693
Epoch: 36/100. Validation set: Average loss: 0.5628	Average nonzero triplets: 37.25675675675676
Train: [0/25882 (0%)]	Loss: 0.625711	Average nonzero triplets: 137.0
Train: [1950/25882 (12%)]	Loss: 0.529704	Average nonzero triplets: 90.54901960784314
Train: [4400/25882 (25%)]	Loss: 0.542335	Average nonzero triplets: 91.66336633663366
Train: [6450/25882 (37%)]	Loss: 0.518319	Average nonzero triplets: 90.52317880794702
Train: [7800/25882 (50%)]	Loss: 0.527263	Average nonzero triplets: 90.31840796019901
Train: [12000/25882 (62%)]	Loss: 0.539615	Average nonzero triplets: 90.44223107569721
Train: [12900/25882 (74%)]	Loss: 0.549257	Average nonzero triplets: 90.06976744186046
Train: [14000/25882 (87%)]	Loss: 0.547245	Average nonzero triplets: 90.45299145299145
Train: [14400/25882 (99%)]	Loss: 0.542554	Average nonzero triplets: 90.05236907730674
Epoch: 37/100. Train set: Average loss: 0.5370	Average nonzero triplets: 89.89356435643565
Epoch: 37/100. Validation set: Average loss: 0.5649	Average nonzero triplets: 35.792792792792795
Train: [0/25882 (0%)]	Loss: 0.741777	Average nonzero triplets: 103.0
Train: [2300/25882 (12%)]	Loss: 0.521901	Average nonzero triplets: 92.52941176470588
Train: [3600/25882 (25%)]	Loss: 0.551611	Average nonzero triplets: 90.41584158415841
Train: [6150/25882 (37%)]	Loss: 0.543565	Average nonzero triplets: 90.0
Train: [9800/25882 (50%)]	Loss: 0.526715	Average nonzero triplets: 88.96019900497512
Train: [11000/25882 (62%)]	Loss: 0.535765	Average nonzero triplets: 88.57370517928287
Train: [12300/25882 (74%)]	Loss: 0.536301	Average nonzero triplets: 88.7109634551495
Train: [17150/25882 (87%)]	Loss: 0.537578	Average nonzero triplets: 88.74643874643874
Train: [16000/25882 (99%)]	Loss: 0.537954	Average nonzero triplets: 89.21945137157107
Epoch: 38/100. Train set: Average loss: 0.5370	Average nonzero triplets: 89.21534653465346
Epoch: 38/100. Validation set: Average loss: 0.5790	Average nonzero triplets: 35.38288288288288
Train: [0/25882 (0%)]	Loss: 0.488913	Average nonzero triplets: 98.0
Train: [1900/25882 (12%)]	Loss: 0.552181	Average nonzero triplets: 95.45098039215686
Train: [3200/25882 (25%)]	Loss: 0.528917	Average nonzero triplets: 90.33663366336634
Train: [6900/25882 (37%)]	Loss: 0.501954	Average nonzero triplets: 88.3112582781457
Train: [8800/25882 (50%)]	Loss: 0.535602	Average nonzero triplets: 88.06965174129353
Train: [9250/25882 (62%)]	Loss: 0.575356	Average nonzero triplets: 87.81274900398407
Train: [15000/25882 (74%)]	Loss: 0.553435	Average nonzero triplets: 88.43189368770764
Train: [15750/25882 (87%)]	Loss: 0.520535	Average nonzero triplets: 88.26495726495726
Train: [15600/25882 (99%)]	Loss: 0.522577	Average nonzero triplets: 88.81296758104739
Epoch: 39/100. Train set: Average loss: 0.5358	Average nonzero triplets: 88.63861386138613
Epoch: 39/100. Validation set: Average loss: 0.5649	Average nonzero triplets: 36.3963963963964
Train: [0/25882 (0%)]	Loss: 0.522699	Average nonzero triplets: 90.0
Train: [1750/25882 (12%)]	Loss: 0.548920	Average nonzero triplets: 91.11764705882354
Train: [4800/25882 (25%)]	Loss: 0.547147	Average nonzero triplets: 93.46534653465346
Train: [5400/25882 (37%)]	Loss: 0.538963	Average nonzero triplets: 92.01986754966887
Train: [7400/25882 (50%)]	Loss: 0.553988	Average nonzero triplets: 93.42288557213931
Train: [9750/25882 (62%)]	Loss: 0.527160	Average nonzero triplets: 92.61354581673307
Train: [11400/25882 (74%)]	Loss: 0.527164	Average nonzero triplets: 91.74418604651163
Train: [16800/25882 (87%)]	Loss: 0.537519	Average nonzero triplets: 93.01994301994301
Train: [16000/25882 (99%)]	Loss: 0.554439	Average nonzero triplets: 92.36159600997506
Epoch: 40/100. Train set: Average loss: 0.5410	Average nonzero triplets: 92.21039603960396
Epoch: 40/100. Validation set: Average loss: 0.5785	Average nonzero triplets: 34.5945945945946
Train: [0/25882 (0%)]	Loss: 0.301742	Average nonzero triplets: 77.0
Train: [1750/25882 (12%)]	Loss: 0.555809	Average nonzero triplets: 89.17647058823529
Train: [3500/25882 (25%)]	Loss: 0.552200	Average nonzero triplets: 87.70297029702971
Train: [5550/25882 (37%)]	Loss: 0.579532	Average nonzero triplets: 88.71523178807946
Train: [9000/25882 (50%)]	Loss: 0.549351	Average nonzero triplets: 88.48756218905473
Train: [9500/25882 (62%)]	Loss: 0.535216	Average nonzero triplets: 89.88047808764941
Train: [13500/25882 (74%)]	Loss: 0.546611	Average nonzero triplets: 89.87043189368771
Train: [11550/25882 (87%)]	Loss: 0.550713	Average nonzero triplets: 90.21937321937322
Train: [16000/25882 (99%)]	Loss: 0.551604	Average nonzero triplets: 90.09725685785536
Epoch: 41/100. Train set: Average loss: 0.5517	Average nonzero triplets: 90.0940594059406
Epoch: 41/100. Validation set: Average loss: 0.5642	Average nonzero triplets: 38.33783783783784
Train: [0/25882 (0%)]	Loss: 0.751454	Average nonzero triplets: 64.0
Train: [2100/25882 (12%)]	Loss: 0.502297	Average nonzero triplets: 87.01960784313725
Train: [3600/25882 (25%)]	Loss: 0.519257	Average nonzero triplets: 85.73267326732673
Train: [6300/25882 (37%)]	Loss: 0.552287	Average nonzero triplets: 88.64238410596026
Train: [7800/25882 (50%)]	Loss: 0.511654	Average nonzero triplets: 87.02985074626865
Train: [12500/25882 (62%)]	Loss: 0.528367	Average nonzero triplets: 86.29083665338645
Train: [12300/25882 (74%)]	Loss: 0.547559	Average nonzero triplets: 85.99667774086379
Train: [15750/25882 (87%)]	Loss: 0.528036	Average nonzero triplets: 86.19373219373219
Train: [17200/25882 (99%)]	Loss: 0.566758	Average nonzero triplets: 86.4139650872818
Epoch: 42/100. Train set: Average loss: 0.5321	Average nonzero triplets: 86.62128712871286
Epoch: 42/100. Validation set: Average loss: 0.5604	Average nonzero triplets: 34.52252252252252
Train: [0/25882 (0%)]	Loss: 0.571390	Average nonzero triplets: 97.0
Train: [2200/25882 (12%)]	Loss: 0.541378	Average nonzero triplets: 87.94117647058823
Train: [4200/25882 (25%)]	Loss: 0.560215	Average nonzero triplets: 88.91089108910892
Train: [6750/25882 (37%)]	Loss: 0.545787	Average nonzero triplets: 87.33112582781457
Train: [8000/25882 (50%)]	Loss: 0.517453	Average nonzero triplets: 87.97512437810946
Train: [12250/25882 (62%)]	Loss: 0.561199	Average nonzero triplets: 87.64541832669323
Train: [12900/25882 (74%)]	Loss: 0.538874	Average nonzero triplets: 88.62126245847176
Train: [13300/25882 (87%)]	Loss: 0.520719	Average nonzero triplets: 89.24501424501425
Train: [15200/25882 (99%)]	Loss: 0.537618	Average nonzero triplets: 88.92518703241895
Epoch: 43/100. Train set: Average loss: 0.5397	Average nonzero triplets: 88.83663366336634
Epoch: 43/100. Validation set: Average loss: 0.5698	Average nonzero triplets: 34.38288288288288
Train: [0/25882 (0%)]	Loss: 0.546673	Average nonzero triplets: 53.0
Train: [1900/25882 (12%)]	Loss: 0.553419	Average nonzero triplets: 85.96078431372548
Train: [4200/25882 (25%)]	Loss: 0.543535	Average nonzero triplets: 89.16831683168317
Train: [7800/25882 (37%)]	Loss: 0.567073	Average nonzero triplets: 88.56291390728477
Train: [7800/25882 (50%)]	Loss: 0.520172	Average nonzero triplets: 88.33830845771145
Train: [10000/25882 (62%)]	Loss: 0.537593	Average nonzero triplets: 87.35458167330677
Train: [12300/25882 (74%)]	Loss: 0.546502	Average nonzero triplets: 88.09634551495017
Train: [15750/25882 (87%)]	Loss: 0.557609	Average nonzero triplets: 87.96011396011396
Train: [17600/25882 (99%)]	Loss: 0.516003	Average nonzero triplets: 87.71571072319202
Epoch: 44/100. Train set: Average loss: 0.5431	Average nonzero triplets: 87.72772277227723
Epoch: 44/100. Validation set: Average loss: 0.5715	Average nonzero triplets: 38.211711711711715
Train: [0/25882 (0%)]	Loss: 0.688412	Average nonzero triplets: 87.0
Train: [1850/25882 (12%)]	Loss: 0.535101	Average nonzero triplets: 88.03921568627452
Train: [4400/25882 (25%)]	Loss: 0.535967	Average nonzero triplets: 87.79207920792079
Train: [6600/25882 (37%)]	Loss: 0.529840	Average nonzero triplets: 88.80132450331126
Train: [8400/25882 (50%)]	Loss: 0.538498	Average nonzero triplets: 88.23383084577114
Train: [9750/25882 (62%)]	Loss: 0.542150	Average nonzero triplets: 88.85258964143426
Train: [11400/25882 (74%)]	Loss: 0.530316	Average nonzero triplets: 88.71760797342192
Train: [15400/25882 (87%)]	Loss: 0.537369	Average nonzero triplets: 89.54700854700855
Train: [18000/25882 (99%)]	Loss: 0.538230	Average nonzero triplets: 89.7930174563591
Epoch: 45/100. Train set: Average loss: 0.5359	Average nonzero triplets: 89.75
Epoch: 45/100. Validation set: Average loss: 0.5754	Average nonzero triplets: 34.32432432432432
Train: [0/25882 (0%)]	Loss: 0.517735	Average nonzero triplets: 67.0
Train: [2300/25882 (12%)]	Loss: 0.517527	Average nonzero triplets: 92.33333333333333
Train: [3900/25882 (25%)]	Loss: 0.554112	Average nonzero triplets: 91.81188118811882
Train: [6300/25882 (37%)]	Loss: 0.509744	Average nonzero triplets: 92.33112582781457
Train: [7000/25882 (50%)]	Loss: 0.529033	Average nonzero triplets: 91.30845771144278
Train: [9500/25882 (62%)]	Loss: 0.553267	Average nonzero triplets: 91.68525896414343
Train: [10800/25882 (74%)]	Loss: 0.531785	Average nonzero triplets: 90.75747508305648
Train: [15050/25882 (87%)]	Loss: 0.540542	Average nonzero triplets: 91.5982905982906
Train: [15200/25882 (99%)]	Loss: 0.525850	Average nonzero triplets: 91.10972568578553
Epoch: 46/100. Train set: Average loss: 0.5334	Average nonzero triplets: 91.09653465346534
Epoch: 46/100. Validation set: Average loss: 0.5786	Average nonzero triplets: 38.351351351351354
Train: [0/25882 (0%)]	Loss: 0.342024	Average nonzero triplets: 36.0
Train: [1900/25882 (12%)]	Loss: 0.513371	Average nonzero triplets: 87.07843137254902
Train: [4600/25882 (25%)]	Loss: 0.548323	Average nonzero triplets: 90.52475247524752
Train: [5700/25882 (37%)]	Loss: 0.567541	Average nonzero triplets: 88.21192052980132
Train: [9600/25882 (50%)]	Loss: 0.536382	Average nonzero triplets: 88.49751243781094
Train: [9000/25882 (62%)]	Loss: 0.546141	Average nonzero triplets: 88.47011952191235
Train: [12900/25882 (74%)]	Loss: 0.534075	Average nonzero triplets: 88.35215946843854
Train: [14350/25882 (87%)]	Loss: 0.511706	Average nonzero triplets: 88.24216524216524
Train: [15200/25882 (99%)]	Loss: 0.517902	Average nonzero triplets: 88.52369077306733
Epoch: 47/100. Train set: Average loss: 0.5354	Average nonzero triplets: 88.60148514851485
Epoch: 47/100. Validation set: Average loss: 0.5767	Average nonzero triplets: 35.373873873873876
Train: [0/25882 (0%)]	Loss: 0.392222	Average nonzero triplets: 61.0
Train: [2300/25882 (12%)]	Loss: 0.496125	Average nonzero triplets: 86.2156862745098
Train: [3500/25882 (25%)]	Loss: 0.531131	Average nonzero triplets: 87.07920792079207
Train: [6150/25882 (37%)]	Loss: 0.557580	Average nonzero triplets: 89.25827814569537
Train: [8000/25882 (50%)]	Loss: 0.528453	Average nonzero triplets: 88.9950248756219
Train: [11500/25882 (62%)]	Loss: 0.541894	Average nonzero triplets: 88.79681274900399
Train: [15300/25882 (74%)]	Loss: 0.534467	Average nonzero triplets: 88.64119601328903
Train: [15400/25882 (87%)]	Loss: 0.524982	Average nonzero triplets: 88.5042735042735
Train: [16800/25882 (99%)]	Loss: 0.511378	Average nonzero triplets: 88.92019950124688
Epoch: 48/100. Train set: Average loss: 0.5290	Average nonzero triplets: 88.90841584158416
Epoch: 48/100. Validation set: Average loss: 0.5750	Average nonzero triplets: 35.07657657657658
Train: [0/25882 (0%)]	Loss: 0.567931	Average nonzero triplets: 93.0
Train: [1900/25882 (12%)]	Loss: 0.508640	Average nonzero triplets: 87.54901960784314
Train: [4200/25882 (25%)]	Loss: 0.551593	Average nonzero triplets: 88.03960396039604
Train: [5700/25882 (37%)]	Loss: 0.534123	Average nonzero triplets: 87.0728476821192
Train: [7400/25882 (50%)]	Loss: 0.539182	Average nonzero triplets: 87.58208955223881
Train: [9000/25882 (62%)]	Loss: 0.545800	Average nonzero triplets: 89.2191235059761
Train: [10200/25882 (74%)]	Loss: 0.536983	Average nonzero triplets: 88.08305647840531
Train: [14700/25882 (87%)]	Loss: 0.504959	Average nonzero triplets: 88.23931623931624
Train: [16000/25882 (99%)]	Loss: 0.534319	Average nonzero triplets: 87.70822942643392
Epoch: 49/100. Train set: Average loss: 0.5323	Average nonzero triplets: 87.69059405940594
Epoch: 49/100. Validation set: Average loss: 0.5699	Average nonzero triplets: 36.846846846846844
Train: [0/25882 (0%)]	Loss: 0.679785	Average nonzero triplets: 126.0
Train: [2250/25882 (12%)]	Loss: 0.529126	Average nonzero triplets: 92.07843137254902
Train: [4100/25882 (25%)]	Loss: 0.537367	Average nonzero triplets: 88.26732673267327
Train: [6450/25882 (37%)]	Loss: 0.569317	Average nonzero triplets: 87.57615894039735
Train: [9400/25882 (50%)]	Loss: 0.537695	Average nonzero triplets: 89.03980099502488
Train: [9250/25882 (62%)]	Loss: 0.534452	Average nonzero triplets: 88.43426294820718
Train: [12300/25882 (74%)]	Loss: 0.521303	Average nonzero triplets: 89.11295681063123
Train: [15400/25882 (87%)]	Loss: 0.532070	Average nonzero triplets: 88.6951566951567
Train: [15200/25882 (99%)]	Loss: 0.544136	Average nonzero triplets: 89.44638403990025
Epoch: 50/100. Train set: Average loss: 0.5391	Average nonzero triplets: 89.4430693069307
Epoch: 50/100. Validation set: Average loss: 0.5803	Average nonzero triplets: 35.95945945945946
Train: [0/25882 (0%)]	Loss: 0.339091	Average nonzero triplets: 62.0
Train: [2050/25882 (12%)]	Loss: 0.527820	Average nonzero triplets: 93.56862745098039
Train: [3900/25882 (25%)]	Loss: 0.543992	Average nonzero triplets: 90.97029702970298
Train: [6450/25882 (37%)]	Loss: 0.558220	Average nonzero triplets: 89.81456953642385
Train: [8200/25882 (50%)]	Loss: 0.511863	Average nonzero triplets: 89.24378109452736
Train: [11500/25882 (62%)]	Loss: 0.545884	Average nonzero triplets: 88.31474103585657
Train: [11400/25882 (74%)]	Loss: 0.526304	Average nonzero triplets: 88.25913621262458
Train: [15050/25882 (87%)]	Loss: 0.534521	Average nonzero triplets: 88.70370370370371
Train: [16400/25882 (99%)]	Loss: 0.516795	Average nonzero triplets: 88.19950124688279
Epoch: 51/100. Train set: Average loss: 0.5334	Average nonzero triplets: 88.27227722772277
Epoch: 51/100. Validation set: Average loss: 0.5713	Average nonzero triplets: 37.04054054054054
Train: [0/25882 (0%)]	Loss: 0.684766	Average nonzero triplets: 128.0
Train: [2200/25882 (12%)]	Loss: 0.532450	Average nonzero triplets: 93.88235294117646
Train: [3500/25882 (25%)]	Loss: 0.537882	Average nonzero triplets: 87.84158415841584
Train: [7050/25882 (37%)]	Loss: 0.548534	Average nonzero triplets: 89.17880794701986
Train: [8000/25882 (50%)]	Loss: 0.520609	Average nonzero triplets: 88.8955223880597
Train: [10000/25882 (62%)]	Loss: 0.565003	Average nonzero triplets: 91.45418326693228
Train: [12000/25882 (74%)]	Loss: 0.546789	Average nonzero triplets: 90.38870431893687
Train: [12600/25882 (87%)]	Loss: 0.552009	Average nonzero triplets: 90.83475783475784
Train: [12800/25882 (99%)]	Loss: 0.557799	Average nonzero triplets: 89.91271820448878
Epoch: 52/100. Train set: Average loss: 0.5451	Average nonzero triplets: 89.91584158415841
Epoch: 52/100. Validation set: Average loss: 0.5705	Average nonzero triplets: 36.12162162162162
Train: [0/25882 (0%)]	Loss: 0.420258	Average nonzero triplets: 81.0
Train: [1650/25882 (12%)]	Loss: 0.564659	Average nonzero triplets: 83.33333333333333
Train: [4200/25882 (25%)]	Loss: 0.544291	Average nonzero triplets: 87.18811881188118
Train: [6600/25882 (37%)]	Loss: 0.557512	Average nonzero triplets: 87.93377483443709
Train: [9400/25882 (50%)]	Loss: 0.550270	Average nonzero triplets: 89.09950248756219
Train: [11750/25882 (62%)]	Loss: 0.532691	Average nonzero triplets: 88.96812749003983
Train: [13500/25882 (74%)]	Loss: 0.527025	Average nonzero triplets: 89.20598006644518
Train: [16800/25882 (87%)]	Loss: 0.527179	Average nonzero triplets: 88.85470085470085
Train: [16800/25882 (99%)]	Loss: 0.544428	Average nonzero triplets: 88.87780548628429
Epoch: 53/100. Train set: Average loss: 0.5433	Average nonzero triplets: 88.8490099009901
Epoch: 53/100. Validation set: Average loss: 0.5762	Average nonzero triplets: 36.5945945945946
Train: [0/25882 (0%)]	Loss: 0.611953	Average nonzero triplets: 107.0
Train: [2000/25882 (12%)]	Loss: 0.513957	Average nonzero triplets: 92.27450980392157
Train: [3600/25882 (25%)]	Loss: 0.532270	Average nonzero triplets: 87.20792079207921
Train: [6450/25882 (37%)]	Loss: 0.547461	Average nonzero triplets: 89.11258278145695
Train: [8400/25882 (50%)]	Loss: 0.533270	Average nonzero triplets: 88.29850746268657
Train: [9500/25882 (62%)]	Loss: 0.533185	Average nonzero triplets: 88.21513944223108
Train: [11400/25882 (74%)]	Loss: 0.549809	Average nonzero triplets: 89.0
Train: [13650/25882 (87%)]	Loss: 0.540189	Average nonzero triplets: 87.93732193732194
Train: [19200/25882 (99%)]	Loss: 0.513094	Average nonzero triplets: 88.0074812967581
Epoch: 54/100. Train set: Average loss: 0.5325	Average nonzero triplets: 88.18564356435644
Epoch: 54/100. Validation set: Average loss: 0.5600	Average nonzero triplets: 34.211711711711715
Train: [0/25882 (0%)]	Loss: 0.550305	Average nonzero triplets: 61.0
Train: [2000/25882 (12%)]	Loss: 0.517077	Average nonzero triplets: 83.88235294117646
Train: [4400/25882 (25%)]	Loss: 0.554717	Average nonzero triplets: 85.0990099009901
Train: [5700/25882 (37%)]	Loss: 0.502439	Average nonzero triplets: 86.71523178807946
Train: [9000/25882 (50%)]	Loss: 0.534072	Average nonzero triplets: 88.26865671641791
Train: [12250/25882 (62%)]	Loss: 0.559137	Average nonzero triplets: 88.74900398406375
Train: [12300/25882 (74%)]	Loss: 0.556875	Average nonzero triplets: 88.80398671096346
Train: [12600/25882 (87%)]	Loss: 0.549796	Average nonzero triplets: 89.42450142450143
Train: [17600/25882 (99%)]	Loss: 0.545749	Average nonzero triplets: 89.82294264339153
Epoch: 55/100. Train set: Average loss: 0.5404	Average nonzero triplets: 89.83663366336634
Epoch: 55/100. Validation set: Average loss: 0.5664	Average nonzero triplets: 34.36486486486486
Train: [0/25882 (0%)]	Loss: 0.698801	Average nonzero triplets: 79.0
Train: [1750/25882 (12%)]	Loss: 0.509985	Average nonzero triplets: 88.0
Train: [4700/25882 (25%)]	Loss: 0.538525	Average nonzero triplets: 89.99009900990099
Train: [6000/25882 (37%)]	Loss: 0.536883	Average nonzero triplets: 90.35761589403974
Train: [7200/25882 (50%)]	Loss: 0.518437	Average nonzero triplets: 90.76119402985074
Train: [8500/25882 (62%)]	Loss: 0.534425	Average nonzero triplets: 89.73705179282868
Train: [13500/25882 (74%)]	Loss: 0.528840	Average nonzero triplets: 88.87043189368771
Train: [15750/25882 (87%)]	Loss: 0.578844	Average nonzero triplets: 88.79202279202279
Train: [15200/25882 (99%)]	Loss: 0.532360	Average nonzero triplets: 88.65835411471322
Epoch: 56/100. Train set: Average loss: 0.5360	Average nonzero triplets: 88.72772277227723
Epoch: 56/100. Validation set: Average loss: 0.5563	Average nonzero triplets: 34.972972972972975
Train: [0/25882 (0%)]	Loss: 0.533394	Average nonzero triplets: 88.0
Train: [2350/25882 (12%)]	Loss: 0.558108	Average nonzero triplets: 96.2156862745098
Train: [3900/25882 (25%)]	Loss: 0.532763	Average nonzero triplets: 93.43564356435644
Train: [6900/25882 (37%)]	Loss: 0.537393	Average nonzero triplets: 90.17218543046357
Train: [9800/25882 (50%)]	Loss: 0.539830	Average nonzero triplets: 89.77114427860697
Train: [10500/25882 (62%)]	Loss: 0.535737	Average nonzero triplets: 90.26294820717132
Train: [14100/25882 (74%)]	Loss: 0.553768	Average nonzero triplets: 90.07641196013289
Train: [12600/25882 (87%)]	Loss: 0.530112	Average nonzero triplets: 90.06837606837607
Train: [17600/25882 (99%)]	Loss: 0.526851	Average nonzero triplets: 89.75810473815461
Epoch: 57/100. Train set: Average loss: 0.5391	Average nonzero triplets: 89.66831683168317
Epoch: 57/100. Validation set: Average loss: 0.5676	Average nonzero triplets: 35.009009009009006
Train: [0/25882 (0%)]	Loss: 0.459846	Average nonzero triplets: 87.0
Train: [2050/25882 (12%)]	Loss: 0.535394	Average nonzero triplets: 85.82352941176471
Train: [4900/25882 (25%)]	Loss: 0.534063	Average nonzero triplets: 86.03960396039604
Train: [6900/25882 (37%)]	Loss: 0.520716	Average nonzero triplets: 84.52317880794702
Train: [10800/25882 (50%)]	Loss: 0.517676	Average nonzero triplets: 84.78109452736318
Train: [10750/25882 (62%)]	Loss: 0.545281	Average nonzero triplets: 85.21513944223108
Train: [16800/25882 (74%)]	Loss: 0.554690	Average nonzero triplets: 87.31229235880399
Train: [15050/25882 (87%)]	Loss: 0.578896	Average nonzero triplets: 88.31623931623932
Train: [18400/25882 (99%)]	Loss: 0.562464	Average nonzero triplets: 88.83291770573567
Epoch: 58/100. Train set: Average loss: 0.5437	Average nonzero triplets: 88.86633663366337
Epoch: 58/100. Validation set: Average loss: 0.5610	Average nonzero triplets: 35.54054054054054
Train: [0/25882 (0%)]	Loss: 0.415391	Average nonzero triplets: 52.0
Train: [2050/25882 (12%)]	Loss: 0.548933	Average nonzero triplets: 93.0
Train: [4000/25882 (25%)]	Loss: 0.550958	Average nonzero triplets: 95.91089108910892
Train: [5550/25882 (37%)]	Loss: 0.512627	Average nonzero triplets: 93.35761589403974
Train: [10200/25882 (50%)]	Loss: 0.559317	Average nonzero triplets: 93.51741293532338
Train: [10250/25882 (62%)]	Loss: 0.527987	Average nonzero triplets: 92.4621513944223
Train: [11700/25882 (74%)]	Loss: 0.524349	Average nonzero triplets: 91.30564784053156
Train: [17500/25882 (87%)]	Loss: 0.538664	Average nonzero triplets: 90.4928774928775
Train: [18800/25882 (99%)]	Loss: 0.548970	Average nonzero triplets: 90.21945137157107
Epoch: 59/100. Train set: Average loss: 0.5388	Average nonzero triplets: 90.21782178217822
Epoch: 59/100. Validation set: Average loss: 0.5682	Average nonzero triplets: 35.88288288288288
Train: [0/25882 (0%)]	Loss: 0.810511	Average nonzero triplets: 85.0
Train: [1950/25882 (12%)]	Loss: 0.572971	Average nonzero triplets: 94.37254901960785
Train: [4200/25882 (25%)]	Loss: 0.544326	Average nonzero triplets: 93.63366336633663
Train: [7200/25882 (37%)]	Loss: 0.551805	Average nonzero triplets: 92.41059602649007
Train: [8000/25882 (50%)]	Loss: 0.536818	Average nonzero triplets: 90.91542288557214
Train: [11000/25882 (62%)]	Loss: 0.535678	Average nonzero triplets: 91.51394422310757
Train: [11700/25882 (74%)]	Loss: 0.535474	Average nonzero triplets: 90.58471760797342
Train: [13300/25882 (87%)]	Loss: 0.557061	Average nonzero triplets: 89.75213675213675
Train: [18400/25882 (99%)]	Loss: 0.552141	Average nonzero triplets: 90.38154613466334
Epoch: 60/100. Train set: Average loss: 0.5485	Average nonzero triplets: 90.4009900990099
Epoch: 60/100. Validation set: Average loss: 0.5574	Average nonzero triplets: 35.752252252252255
Train: [0/25882 (0%)]	Loss: 0.337225	Average nonzero triplets: 70.0
Train: [2250/25882 (12%)]	Loss: 0.545187	Average nonzero triplets: 92.11764705882354
Train: [4300/25882 (25%)]	Loss: 0.514178	Average nonzero triplets: 92.82178217821782
Train: [6450/25882 (37%)]	Loss: 0.537517	Average nonzero triplets: 90.63576158940397
Train: [6400/25882 (50%)]	Loss: 0.521474	Average nonzero triplets: 89.98507462686567
Train: [10500/25882 (62%)]	Loss: 0.543599	Average nonzero triplets: 90.66533864541833
Train: [14400/25882 (74%)]	Loss: 0.527201	Average nonzero triplets: 90.7109634551495
Train: [12950/25882 (87%)]	Loss: 0.556168	Average nonzero triplets: 90.0
Train: [16400/25882 (99%)]	Loss: 0.535698	Average nonzero triplets: 90.06733167082294
Epoch: 61/100. Train set: Average loss: 0.5342	Average nonzero triplets: 90.0519801980198
Epoch: 61/100. Validation set: Average loss: 0.5693	Average nonzero triplets: 35.77927927927928
Train: [0/25882 (0%)]	Loss: 0.383021	Average nonzero triplets: 105.0
Train: [2000/25882 (12%)]	Loss: 0.519381	Average nonzero triplets: 86.6078431372549
Train: [4800/25882 (25%)]	Loss: 0.553021	Average nonzero triplets: 87.16831683168317
Train: [6600/25882 (37%)]	Loss: 0.538507	Average nonzero triplets: 86.80132450331126
Train: [7000/25882 (50%)]	Loss: 0.531548	Average nonzero triplets: 86.95024875621891
Train: [9750/25882 (62%)]	Loss: 0.542157	Average nonzero triplets: 87.54581673306772
Train: [12300/25882 (74%)]	Loss: 0.541363	Average nonzero triplets: 88.39202657807309
Train: [15400/25882 (87%)]	Loss: 0.530478	Average nonzero triplets: 88.45868945868946
Train: [16400/25882 (99%)]	Loss: 0.539122	Average nonzero triplets: 88.34413965087282
Epoch: 62/100. Train set: Average loss: 0.5359	Average nonzero triplets: 88.35396039603961
Epoch: 62/100. Validation set: Average loss: 0.5795	Average nonzero triplets: 37.03603603603604
Train: [0/25882 (0%)]	Loss: 0.458832	Average nonzero triplets: 69.0
Train: [2350/25882 (12%)]	Loss: 0.568171	Average nonzero triplets: 92.54901960784314
Train: [4200/25882 (25%)]	Loss: 0.521199	Average nonzero triplets: 87.56435643564356
Train: [6300/25882 (37%)]	Loss: 0.546450	Average nonzero triplets: 87.64900662251655
Train: [9000/25882 (50%)]	Loss: 0.506172	Average nonzero triplets: 85.83084577114428
Train: [10250/25882 (62%)]	Loss: 0.551655	Average nonzero triplets: 86.68525896414343
Train: [13200/25882 (74%)]	Loss: 0.513058	Average nonzero triplets: 86.51827242524917
Train: [16100/25882 (87%)]	Loss: 0.521571	Average nonzero triplets: 86.4957264957265
Train: [18000/25882 (99%)]	Loss: 0.533391	Average nonzero triplets: 86.63092269326684
Epoch: 63/100. Train set: Average loss: 0.5327	Average nonzero triplets: 86.70544554455445
Epoch: 63/100. Validation set: Average loss: 0.5613	Average nonzero triplets: 37.108108108108105
Train: [0/25882 (0%)]	Loss: 0.448581	Average nonzero triplets: 89.0
Train: [2750/25882 (12%)]	Loss: 0.528854	Average nonzero triplets: 85.62745098039215
Train: [5200/25882 (25%)]	Loss: 0.546304	Average nonzero triplets: 88.76237623762377
Train: [6150/25882 (37%)]	Loss: 0.551089	Average nonzero triplets: 90.37086092715232
Train: [8000/25882 (50%)]	Loss: 0.538121	Average nonzero triplets: 89.35820895522389
Train: [10500/25882 (62%)]	Loss: 0.536323	Average nonzero triplets: 89.76494023904382
Train: [10800/25882 (74%)]	Loss: 0.538919	Average nonzero triplets: 90.17607973421927
Train: [15050/25882 (87%)]	Loss: 0.541925	Average nonzero triplets: 89.54415954415954
Train: [17200/25882 (99%)]	Loss: 0.529592	Average nonzero triplets: 89.45885286783043
Epoch: 64/100. Train set: Average loss: 0.5378	Average nonzero triplets: 89.4430693069307
Epoch: 64/100. Validation set: Average loss: 0.5831	Average nonzero triplets: 35.472972972972975
Train: [0/25882 (0%)]	Loss: 0.450779	Average nonzero triplets: 131.0
Train: [2000/25882 (12%)]	Loss: 0.547897	Average nonzero triplets: 93.82352941176471
Train: [4800/25882 (25%)]	Loss: 0.518112	Average nonzero triplets: 90.44554455445545
Train: [5850/25882 (37%)]	Loss: 0.554079	Average nonzero triplets: 90.45695364238411
Train: [9800/25882 (50%)]	Loss: 0.568736	Average nonzero triplets: 89.363184079602
Train: [11250/25882 (62%)]	Loss: 0.527325	Average nonzero triplets: 88.57768924302789
Train: [9900/25882 (74%)]	Loss: 0.548790	Average nonzero triplets: 88.84053156146179
Train: [17500/25882 (87%)]	Loss: 0.532510	Average nonzero triplets: 88.19088319088318
Train: [17600/25882 (99%)]	Loss: 0.545437	Average nonzero triplets: 88.6932668329177
Epoch: 65/100. Train set: Average loss: 0.5424	Average nonzero triplets: 88.87128712871286
Epoch: 65/100. Validation set: Average loss: 0.5860	Average nonzero triplets: 36.648648648648646
Train: [0/25882 (0%)]	Loss: 0.364002	Average nonzero triplets: 81.0
Train: [2100/25882 (12%)]	Loss: 0.533713	Average nonzero triplets: 96.56862745098039
Train: [4400/25882 (25%)]	Loss: 0.536480	Average nonzero triplets: 92.88118811881188
Train: [6000/25882 (37%)]	Loss: 0.553627	Average nonzero triplets: 94.16556291390728
Train: [10400/25882 (50%)]	Loss: 0.540176	Average nonzero triplets: 93.57711442786069
Train: [9500/25882 (62%)]	Loss: 0.557396	Average nonzero triplets: 93.03585657370517
Train: [13200/25882 (74%)]	Loss: 0.531148	Average nonzero triplets: 92.1827242524917
Train: [13650/25882 (87%)]	Loss: 0.548680	Average nonzero triplets: 91.42735042735043
Train: [16800/25882 (99%)]	Loss: 0.543446	Average nonzero triplets: 90.70324189526184
Epoch: 66/100. Train set: Average loss: 0.5433	Average nonzero triplets: 90.86633663366337
Epoch: 66/100. Validation set: Average loss: 0.5712	Average nonzero triplets: 35.054054054054056
Train: [0/25882 (0%)]	Loss: 0.628227	Average nonzero triplets: 80.0
Train: [2100/25882 (12%)]	Loss: 0.554031	Average nonzero triplets: 93.68627450980392
Train: [3800/25882 (25%)]	Loss: 0.528578	Average nonzero triplets: 91.29702970297029
Train: [5250/25882 (37%)]	Loss: 0.549333	Average nonzero triplets: 88.87417218543047
Train: [7600/25882 (50%)]	Loss: 0.543198	Average nonzero triplets: 89.25373134328358
Train: [10000/25882 (62%)]	Loss: 0.559155	Average nonzero triplets: 89.28286852589642
Train: [11100/25882 (74%)]	Loss: 0.525708	Average nonzero triplets: 89.25249169435216
Train: [12250/25882 (87%)]	Loss: 0.541120	Average nonzero triplets: 89.96296296296296
Train: [13200/25882 (99%)]	Loss: 0.535482	Average nonzero triplets: 90.06483790523691
Epoch: 67/100. Train set: Average loss: 0.5422	Average nonzero triplets: 90.17821782178218
Epoch: 67/100. Validation set: Average loss: 0.5500	Average nonzero triplets: 34.65765765765766
Train: [0/25882 (0%)]	Loss: 0.336390	Average nonzero triplets: 124.0
Train: [2400/25882 (12%)]	Loss: 0.530401	Average nonzero triplets: 90.23529411764706
Train: [4000/25882 (25%)]	Loss: 0.517150	Average nonzero triplets: 87.55445544554455
Train: [5550/25882 (37%)]	Loss: 0.532309	Average nonzero triplets: 89.08609271523179
Train: [10800/25882 (50%)]	Loss: 0.548261	Average nonzero triplets: 87.59701492537313
Train: [10000/25882 (62%)]	Loss: 0.529460	Average nonzero triplets: 88.32669322709164
Train: [11100/25882 (74%)]	Loss: 0.533886	Average nonzero triplets: 88.3421926910299
Train: [12250/25882 (87%)]	Loss: 0.527006	Average nonzero triplets: 89.0997150997151
Train: [15200/25882 (99%)]	Loss: 0.545200	Average nonzero triplets: 89.08229426433915
Epoch: 68/100. Train set: Average loss: 0.5325	Average nonzero triplets: 89.04702970297029
Epoch: 68/100. Validation set: Average loss: 0.5548	Average nonzero triplets: 34.4954954954955
Train: [0/25882 (0%)]	Loss: 0.626487	Average nonzero triplets: 87.0
Train: [1950/25882 (12%)]	Loss: 0.529682	Average nonzero triplets: 86.96078431372548
Train: [4600/25882 (25%)]	Loss: 0.555190	Average nonzero triplets: 88.75247524752476
Train: [5250/25882 (37%)]	Loss: 0.527215	Average nonzero triplets: 88.15894039735099
Train: [6000/25882 (50%)]	Loss: 0.536963	Average nonzero triplets: 88.8457711442786
Train: [8750/25882 (62%)]	Loss: 0.554511	Average nonzero triplets: 87.9203187250996
Train: [12600/25882 (74%)]	Loss: 0.536113	Average nonzero triplets: 87.265780730897
Train: [12600/25882 (87%)]	Loss: 0.551858	Average nonzero triplets: 87.44444444444444
Train: [20000/25882 (99%)]	Loss: 0.542666	Average nonzero triplets: 87.98503740648378
Epoch: 69/100. Train set: Average loss: 0.5420	Average nonzero triplets: 87.91336633663366
Epoch: 69/100. Validation set: Average loss: 0.5593	Average nonzero triplets: 36.63513513513514
Train: [0/25882 (0%)]	Loss: 0.527783	Average nonzero triplets: 95.0
Train: [1800/25882 (12%)]	Loss: 0.513105	Average nonzero triplets: 90.13725490196079
Train: [4700/25882 (25%)]	Loss: 0.525134	Average nonzero triplets: 90.20792079207921
Train: [7200/25882 (37%)]	Loss: 0.525989	Average nonzero triplets: 90.82119205298014
Train: [6600/25882 (50%)]	Loss: 0.538318	Average nonzero triplets: 92.0
Train: [10000/25882 (62%)]	Loss: 0.557748	Average nonzero triplets: 90.99203187250995
Train: [15000/25882 (74%)]	Loss: 0.522691	Average nonzero triplets: 90.78405315614619
Train: [14000/25882 (87%)]	Loss: 0.514680	Average nonzero triplets: 91.33618233618233
Train: [15200/25882 (99%)]	Loss: 0.552106	Average nonzero triplets: 90.60349127182045
Epoch: 70/100. Train set: Average loss: 0.5319	Average nonzero triplets: 90.61138613861387
Epoch: 70/100. Validation set: Average loss: 0.5587	Average nonzero triplets: 35.189189189189186
Train: [0/25882 (0%)]	Loss: 0.700332	Average nonzero triplets: 69.0
Train: [2300/25882 (12%)]	Loss: 0.536649	Average nonzero triplets: 85.3921568627451
Train: [3900/25882 (25%)]	Loss: 0.527707	Average nonzero triplets: 89.45544554455445
Train: [7050/25882 (37%)]	Loss: 0.526983	Average nonzero triplets: 89.69536423841059
Train: [9800/25882 (50%)]	Loss: 0.527856	Average nonzero triplets: 90.16417910447761
Train: [11500/25882 (62%)]	Loss: 0.571742	Average nonzero triplets: 90.60557768924303
Train: [12600/25882 (74%)]	Loss: 0.547131	Average nonzero triplets: 91.17607973421927
Train: [16800/25882 (87%)]	Loss: 0.528417	Average nonzero triplets: 90.35612535612536
Train: [16000/25882 (99%)]	Loss: 0.566915	Average nonzero triplets: 90.50374064837905
Epoch: 71/100. Train set: Average loss: 0.5430	Average nonzero triplets: 90.54950495049505
Epoch: 71/100. Validation set: Average loss: 0.5710	Average nonzero triplets: 35.4954954954955
Train: [0/25882 (0%)]	Loss: 0.575801	Average nonzero triplets: 65.0
Train: [2450/25882 (12%)]	Loss: 0.555332	Average nonzero triplets: 89.72549019607843
Train: [4900/25882 (25%)]	Loss: 0.525238	Average nonzero triplets: 86.94059405940594
Train: [6450/25882 (37%)]	Loss: 0.510028	Average nonzero triplets: 86.20529801324503
Train: [8400/25882 (50%)]	Loss: 0.546288	Average nonzero triplets: 88.66666666666667
Train: [8250/25882 (62%)]	Loss: 0.555447	Average nonzero triplets: 88.25099601593625
Train: [11400/25882 (74%)]	Loss: 0.566455	Average nonzero triplets: 88.64784053156146
Train: [14350/25882 (87%)]	Loss: 0.524930	Average nonzero triplets: 88.64672364672364
Train: [14400/25882 (99%)]	Loss: 0.551590	Average nonzero triplets: 88.53117206982543
Epoch: 72/100. Train set: Average loss: 0.5427	Average nonzero triplets: 88.35891089108911
Epoch: 72/100. Validation set: Average loss: 0.5803	Average nonzero triplets: 36.788288288288285
Train: [0/25882 (0%)]	Loss: 0.392004	Average nonzero triplets: 116.0
Train: [2350/25882 (12%)]	Loss: 0.564074	Average nonzero triplets: 90.50980392156863
Train: [3800/25882 (25%)]	Loss: 0.552382	Average nonzero triplets: 91.62376237623762
Train: [5550/25882 (37%)]	Loss: 0.560612	Average nonzero triplets: 89.98675496688742
Train: [9400/25882 (50%)]	Loss: 0.549494	Average nonzero triplets: 90.48258706467662
Train: [12000/25882 (62%)]	Loss: 0.561120	Average nonzero triplets: 90.0996015936255
Train: [18300/25882 (74%)]	Loss: 0.542027	Average nonzero triplets: 90.39867109634551
Train: [13650/25882 (87%)]	Loss: 0.543033	Average nonzero triplets: 90.31339031339031
Train: [16800/25882 (99%)]	Loss: 0.548165	Average nonzero triplets: 90.34164588528678
Epoch: 73/100. Train set: Average loss: 0.5528	Average nonzero triplets: 90.38118811881188
Epoch: 73/100. Validation set: Average loss: 0.5786	Average nonzero triplets: 36.914414414414416
Train: [0/25882 (0%)]	Loss: 0.455645	Average nonzero triplets: 94.0
Train: [2350/25882 (12%)]	Loss: 0.524673	Average nonzero triplets: 90.68627450980392
Train: [4100/25882 (25%)]	Loss: 0.546010	Average nonzero triplets: 92.06930693069307
Train: [5850/25882 (37%)]	Loss: 0.555020	Average nonzero triplets: 92.80794701986756
Train: [8400/25882 (50%)]	Loss: 0.538581	Average nonzero triplets: 91.65671641791045
Train: [11500/25882 (62%)]	Loss: 0.538054	Average nonzero triplets: 92.0796812749004
Train: [13800/25882 (74%)]	Loss: 0.561496	Average nonzero triplets: 91.98671096345515
Train: [14000/25882 (87%)]	Loss: 0.529735	Average nonzero triplets: 90.75213675213675
Train: [17600/25882 (99%)]	Loss: 0.538707	Average nonzero triplets: 90.29426433915212
Epoch: 74/100. Train set: Average loss: 0.5411	Average nonzero triplets: 90.20544554455445
Epoch: 74/100. Validation set: Average loss: 0.5955	Average nonzero triplets: 35.06306306306306
Train: [0/25882 (0%)]	Loss: 0.462057	Average nonzero triplets: 67.0
Train: [2250/25882 (12%)]	Loss: 0.538459	Average nonzero triplets: 94.84313725490196
Train: [3900/25882 (25%)]	Loss: 0.532940	Average nonzero triplets: 90.4059405940594
Train: [6750/25882 (37%)]	Loss: 0.563913	Average nonzero triplets: 87.09271523178808
Train: [8800/25882 (50%)]	Loss: 0.560516	Average nonzero triplets: 87.1094527363184
Train: [10000/25882 (62%)]	Loss: 0.557670	Average nonzero triplets: 87.69322709163346
Train: [15000/25882 (74%)]	Loss: 0.562329	Average nonzero triplets: 89.77740863787375
Train: [11550/25882 (87%)]	Loss: 0.555191	Average nonzero triplets: 89.78632478632478
Train: [18000/25882 (99%)]	Loss: 0.558005	Average nonzero triplets: 90.01496259351622
Epoch: 75/100. Train set: Average loss: 0.5543	Average nonzero triplets: 89.85643564356435
Epoch: 75/100. Validation set: Average loss: 0.5709	Average nonzero triplets: 35.5045045045045
Train: [0/25882 (0%)]	Loss: 0.541737	Average nonzero triplets: 88.0
Train: [1750/25882 (12%)]	Loss: 0.541916	Average nonzero triplets: 87.72549019607843
Train: [4300/25882 (25%)]	Loss: 0.551911	Average nonzero triplets: 86.73267326732673
Train: [7650/25882 (37%)]	Loss: 0.546997	Average nonzero triplets: 85.91390728476821
Train: [10000/25882 (50%)]	Loss: 0.560147	Average nonzero triplets: 88.2636815920398
Train: [11500/25882 (62%)]	Loss: 0.551075	Average nonzero triplets: 89.50996015936255
Train: [12300/25882 (74%)]	Loss: 0.506713	Average nonzero triplets: 87.42857142857143
Train: [13650/25882 (87%)]	Loss: 0.553788	Average nonzero triplets: 87.55555555555556
Train: [14000/25882 (99%)]	Loss: 0.517923	Average nonzero triplets: 87.94513715710723
Epoch: 76/100. Train set: Average loss: 0.5415	Average nonzero triplets: 88.30445544554455
Epoch: 76/100. Validation set: Average loss: 0.5703	Average nonzero triplets: 35.7027027027027
Train: [0/25882 (0%)]	Loss: 0.323566	Average nonzero triplets: 135.0
Train: [2300/25882 (12%)]	Loss: 0.560486	Average nonzero triplets: 93.6470588235294
Train: [4600/25882 (25%)]	Loss: 0.547729	Average nonzero triplets: 88.79207920792079
Train: [6150/25882 (37%)]	Loss: 0.520397	Average nonzero triplets: 87.72847682119205
Train: [9600/25882 (50%)]	Loss: 0.557947	Average nonzero triplets: 88.24875621890547
Train: [11000/25882 (62%)]	Loss: 0.533171	Average nonzero triplets: 88.55776892430279
Train: [13200/25882 (74%)]	Loss: 0.530964	Average nonzero triplets: 88.19601328903654
Train: [15050/25882 (87%)]	Loss: 0.563364	Average nonzero triplets: 87.85754985754986
Train: [19200/25882 (99%)]	Loss: 0.558007	Average nonzero triplets: 88.65336658354114
Epoch: 77/100. Train set: Average loss: 0.5457	Average nonzero triplets: 88.53960396039604
Epoch: 77/100. Validation set: Average loss: 0.5627	Average nonzero triplets: 35.12162162162162
Train: [0/25882 (0%)]	Loss: 0.482005	Average nonzero triplets: 107.0
Train: [1900/25882 (12%)]	Loss: 0.520845	Average nonzero triplets: 95.68627450980392
Train: [5000/25882 (25%)]	Loss: 0.540198	Average nonzero triplets: 90.91089108910892
Train: [5850/25882 (37%)]	Loss: 0.549059	Average nonzero triplets: 89.63576158940397
Train: [6800/25882 (50%)]	Loss: 0.518924	Average nonzero triplets: 88.49751243781094
Train: [11250/25882 (62%)]	Loss: 0.534282	Average nonzero triplets: 87.94422310756973
Train: [12900/25882 (74%)]	Loss: 0.509963	Average nonzero triplets: 87.53488372093024
Train: [14000/25882 (87%)]	Loss: 0.534165	Average nonzero triplets: 87.96581196581197
Train: [13200/25882 (99%)]	Loss: 0.545830	Average nonzero triplets: 88.28678304239402
Epoch: 78/100. Train set: Average loss: 0.5321	Average nonzero triplets: 88.57425742574257
Epoch: 78/100. Validation set: Average loss: 0.5735	Average nonzero triplets: 34.112612612612615
Train: [0/25882 (0%)]	Loss: 0.454183	Average nonzero triplets: 77.0
Train: [1650/25882 (12%)]	Loss: 0.516481	Average nonzero triplets: 84.58823529411765
Train: [3700/25882 (25%)]	Loss: 0.539676	Average nonzero triplets: 83.32673267326733
Train: [7200/25882 (37%)]	Loss: 0.525338	Average nonzero triplets: 84.13907284768212
Train: [8000/25882 (50%)]	Loss: 0.544830	Average nonzero triplets: 86.54228855721394
Train: [7750/25882 (62%)]	Loss: 0.526809	Average nonzero triplets: 86.1593625498008
Train: [10200/25882 (74%)]	Loss: 0.548511	Average nonzero triplets: 87.20930232558139
Train: [12950/25882 (87%)]	Loss: 0.559625	Average nonzero triplets: 86.99145299145299
Train: [19600/25882 (99%)]	Loss: 0.554349	Average nonzero triplets: 88.15960099750623
Epoch: 79/100. Train set: Average loss: 0.5398	Average nonzero triplets: 87.99752475247524
Epoch: 79/100. Validation set: Average loss: 0.5664	Average nonzero triplets: 34.207207207207205
Train: [0/25882 (0%)]	Loss: 0.466927	Average nonzero triplets: 74.0
Train: [2500/25882 (12%)]	Loss: 0.554904	Average nonzero triplets: 89.27450980392157
Train: [3100/25882 (25%)]	Loss: 0.547034	Average nonzero triplets: 91.11881188118812
Train: [8250/25882 (37%)]	Loss: 0.546150	Average nonzero triplets: 93.58940397350993
Train: [8400/25882 (50%)]	Loss: 0.555438	Average nonzero triplets: 92.92039800995025
Train: [12000/25882 (62%)]	Loss: 0.523460	Average nonzero triplets: 92.07171314741036
Train: [13200/25882 (74%)]	Loss: 0.567917	Average nonzero triplets: 91.76744186046511
Train: [16800/25882 (87%)]	Loss: 0.519265	Average nonzero triplets: 90.82051282051282
Train: [20000/25882 (99%)]	Loss: 0.540704	Average nonzero triplets: 90.70074812967582
Epoch: 80/100. Train set: Average loss: 0.5437	Average nonzero triplets: 90.50247524752476
Epoch: 80/100. Validation set: Average loss: 0.5788	Average nonzero triplets: 36.37837837837838
Train: [0/25882 (0%)]	Loss: 0.526348	Average nonzero triplets: 53.0
Train: [1950/25882 (12%)]	Loss: 0.531925	Average nonzero triplets: 85.58823529411765
Train: [3600/25882 (25%)]	Loss: 0.537887	Average nonzero triplets: 86.08910891089108
Train: [7200/25882 (37%)]	Loss: 0.542783	Average nonzero triplets: 87.58278145695364
Train: [9000/25882 (50%)]	Loss: 0.545889	Average nonzero triplets: 86.39303482587064
Train: [9250/25882 (62%)]	Loss: 0.531980	Average nonzero triplets: 86.20318725099601
Train: [12600/25882 (74%)]	Loss: 0.533235	Average nonzero triplets: 87.45182724252491
Train: [17150/25882 (87%)]	Loss: 0.521334	Average nonzero triplets: 87.26210826210826
Train: [16000/25882 (99%)]	Loss: 0.542813	Average nonzero triplets: 86.92019950124688
Epoch: 81/100. Train set: Average loss: 0.5355	Average nonzero triplets: 86.81435643564356
Epoch: 81/100. Validation set: Average loss: 0.5505	Average nonzero triplets: 36.765765765765764
Train: [0/25882 (0%)]	Loss: 0.375459	Average nonzero triplets: 92.0
Train: [2600/25882 (12%)]	Loss: 0.584368	Average nonzero triplets: 90.54901960784314
Train: [4200/25882 (25%)]	Loss: 0.555155	Average nonzero triplets: 91.3069306930693
Train: [7050/25882 (37%)]	Loss: 0.527946	Average nonzero triplets: 89.80794701986756
Train: [9600/25882 (50%)]	Loss: 0.497084	Average nonzero triplets: 90.86567164179104
Train: [9000/25882 (62%)]	Loss: 0.525914	Average nonzero triplets: 89.41035856573706
Train: [14700/25882 (74%)]	Loss: 0.546680	Average nonzero triplets: 89.62458471760797
Train: [12250/25882 (87%)]	Loss: 0.518572	Average nonzero triplets: 89.47863247863248
Train: [19600/25882 (99%)]	Loss: 0.566955	Average nonzero triplets: 89.10473815461347
Epoch: 82/100. Train set: Average loss: 0.5397	Average nonzero triplets: 89.08663366336634
Epoch: 82/100. Validation set: Average loss: 0.5698	Average nonzero triplets: 35.031531531531535
Train: [0/25882 (0%)]	Loss: 0.763238	Average nonzero triplets: 122.0
Train: [1750/25882 (12%)]	Loss: 0.513736	Average nonzero triplets: 88.92156862745098
Train: [4300/25882 (25%)]	Loss: 0.534435	Average nonzero triplets: 87.22772277227723
Train: [5100/25882 (37%)]	Loss: 0.538422	Average nonzero triplets: 87.56291390728477
Train: [7800/25882 (50%)]	Loss: 0.541124	Average nonzero triplets: 87.88059701492537
Train: [12750/25882 (62%)]	Loss: 0.533662	Average nonzero triplets: 89.00796812749005
Train: [11700/25882 (74%)]	Loss: 0.529971	Average nonzero triplets: 89.28239202657808
Train: [17150/25882 (87%)]	Loss: 0.549804	Average nonzero triplets: 89.93732193732194
Train: [17600/25882 (99%)]	Loss: 0.539379	Average nonzero triplets: 90.12967581047381
Epoch: 83/100. Train set: Average loss: 0.5347	Average nonzero triplets: 90.00742574257426
Epoch: 83/100. Validation set: Average loss: 0.5667	Average nonzero triplets: 36.054054054054056
Train: [0/25882 (0%)]	Loss: 0.627176	Average nonzero triplets: 80.0
Train: [2050/25882 (12%)]	Loss: 0.514532	Average nonzero triplets: 89.3529411764706
Train: [3600/25882 (25%)]	Loss: 0.535049	Average nonzero triplets: 87.14851485148515
Train: [5550/25882 (37%)]	Loss: 0.561651	Average nonzero triplets: 88.17218543046357
Train: [9600/25882 (50%)]	Loss: 0.537990	Average nonzero triplets: 87.42786069651741
Train: [10250/25882 (62%)]	Loss: 0.508079	Average nonzero triplets: 86.22709163346613
Train: [10800/25882 (74%)]	Loss: 0.549031	Average nonzero triplets: 86.6312292358804
Train: [14000/25882 (87%)]	Loss: 0.532668	Average nonzero triplets: 85.78062678062678
Train: [16400/25882 (99%)]	Loss: 0.530297	Average nonzero triplets: 86.13216957605985
Epoch: 84/100. Train set: Average loss: 0.5348	Average nonzero triplets: 86.04702970297029
Epoch: 84/100. Validation set: Average loss: 0.5460	Average nonzero triplets: 33.747747747747745
Train: [0/25882 (0%)]	Loss: 0.606532	Average nonzero triplets: 98.0
Train: [2350/25882 (12%)]	Loss: 0.554692	Average nonzero triplets: 89.56862745098039
Train: [4600/25882 (25%)]	Loss: 0.539150	Average nonzero triplets: 88.20792079207921
Train: [6000/25882 (37%)]	Loss: 0.523370	Average nonzero triplets: 89.70198675496688
Train: [8600/25882 (50%)]	Loss: 0.534234	Average nonzero triplets: 89.24875621890547
Train: [10250/25882 (62%)]	Loss: 0.541188	Average nonzero triplets: 88.76892430278885
Train: [11100/25882 (74%)]	Loss: 0.540705	Average nonzero triplets: 89.13953488372093
Train: [13650/25882 (87%)]	Loss: 0.511641	Average nonzero triplets: 89.12820512820512
Train: [17200/25882 (99%)]	Loss: 0.517520	Average nonzero triplets: 89.38902743142144
Epoch: 85/100. Train set: Average loss: 0.5328	Average nonzero triplets: 89.36138613861387
Epoch: 85/100. Validation set: Average loss: 0.5700	Average nonzero triplets: 32.445945945945944
Train: [0/25882 (0%)]	Loss: 0.440828	Average nonzero triplets: 55.0
Train: [2000/25882 (12%)]	Loss: 0.524711	Average nonzero triplets: 89.86274509803921
Train: [3600/25882 (25%)]	Loss: 0.550975	Average nonzero triplets: 87.48514851485149
Train: [4950/25882 (37%)]	Loss: 0.558335	Average nonzero triplets: 86.25827814569537
Train: [9600/25882 (50%)]	Loss: 0.517227	Average nonzero triplets: 85.97014925373135
Train: [12000/25882 (62%)]	Loss: 0.562836	Average nonzero triplets: 86.94820717131473
Train: [10500/25882 (74%)]	Loss: 0.530068	Average nonzero triplets: 87.47508305647841
Train: [11900/25882 (87%)]	Loss: 0.508130	Average nonzero triplets: 88.3048433048433
Train: [16000/25882 (99%)]	Loss: 0.533819	Average nonzero triplets: 88.65586034912718
Epoch: 86/100. Train set: Average loss: 0.5342	Average nonzero triplets: 88.49257425742574
Epoch: 86/100. Validation set: Average loss: 0.5727	Average nonzero triplets: 35.171171171171174
Train: [0/25882 (0%)]	Loss: 0.593186	Average nonzero triplets: 46.0
Train: [2050/25882 (12%)]	Loss: 0.541491	Average nonzero triplets: 86.84313725490196
Train: [3200/25882 (25%)]	Loss: 0.524966	Average nonzero triplets: 85.29702970297029
Train: [7500/25882 (37%)]	Loss: 0.534929	Average nonzero triplets: 86.39735099337749
Train: [9400/25882 (50%)]	Loss: 0.551130	Average nonzero triplets: 87.91044776119404
Train: [12250/25882 (62%)]	Loss: 0.580416	Average nonzero triplets: 88.76892430278885
Train: [11400/25882 (74%)]	Loss: 0.515540	Average nonzero triplets: 88.86378737541528
Train: [14000/25882 (87%)]	Loss: 0.536734	Average nonzero triplets: 88.71794871794872
Train: [18000/25882 (99%)]	Loss: 0.523522	Average nonzero triplets: 88.20199501246883
Epoch: 87/100. Train set: Average loss: 0.5376	Average nonzero triplets: 88.16336633663366
Epoch: 87/100. Validation set: Average loss: 0.5479	Average nonzero triplets: 35.450450450450454
Train: [0/25882 (0%)]	Loss: 0.445846	Average nonzero triplets: 124.0
Train: [2300/25882 (12%)]	Loss: 0.540877	Average nonzero triplets: 86.17647058823529
Train: [3900/25882 (25%)]	Loss: 0.551131	Average nonzero triplets: 85.29702970297029
Train: [5250/25882 (37%)]	Loss: 0.530055	Average nonzero triplets: 84.88741721854305
Train: [6400/25882 (50%)]	Loss: 0.556624	Average nonzero triplets: 86.6318407960199
Train: [11000/25882 (62%)]	Loss: 0.549700	Average nonzero triplets: 87.81673306772909
Train: [13200/25882 (74%)]	Loss: 0.561811	Average nonzero triplets: 87.59136212624584
Train: [13650/25882 (87%)]	Loss: 0.534997	Average nonzero triplets: 87.64102564102564
Train: [16000/25882 (99%)]	Loss: 0.549009	Average nonzero triplets: 87.88528678304239
Epoch: 88/100. Train set: Average loss: 0.5465	Average nonzero triplets: 88.03465346534654
Epoch: 88/100. Validation set: Average loss: 0.5897	Average nonzero triplets: 35.27477477477478
Train: [0/25882 (0%)]	Loss: 0.531647	Average nonzero triplets: 57.0
Train: [1700/25882 (12%)]	Loss: 0.547078	Average nonzero triplets: 87.23529411764706
Train: [3600/25882 (25%)]	Loss: 0.545132	Average nonzero triplets: 86.11881188118812
Train: [5400/25882 (37%)]	Loss: 0.552347	Average nonzero triplets: 88.86092715231788
Train: [8200/25882 (50%)]	Loss: 0.536116	Average nonzero triplets: 88.49751243781094
Train: [11750/25882 (62%)]	Loss: 0.527334	Average nonzero triplets: 89.08764940239044
Train: [14700/25882 (74%)]	Loss: 0.542618	Average nonzero triplets: 88.68106312292359
Train: [11200/25882 (87%)]	Loss: 0.542621	Average nonzero triplets: 88.56695156695157
Train: [16000/25882 (99%)]	Loss: 0.522660	Average nonzero triplets: 88.65087281795512
Epoch: 89/100. Train set: Average loss: 0.5394	Average nonzero triplets: 88.41336633663366
Epoch: 89/100. Validation set: Average loss: 0.5603	Average nonzero triplets: 35.734234234234236
Train: [0/25882 (0%)]	Loss: 0.455568	Average nonzero triplets: 140.0
Train: [1850/25882 (12%)]	Loss: 0.543777	Average nonzero triplets: 89.47058823529412
Train: [3900/25882 (25%)]	Loss: 0.516961	Average nonzero triplets: 90.29702970297029
Train: [6000/25882 (37%)]	Loss: 0.546021	Average nonzero triplets: 90.01324503311258
Train: [8600/25882 (50%)]	Loss: 0.559977	Average nonzero triplets: 88.72636815920399
Train: [10250/25882 (62%)]	Loss: 0.538056	Average nonzero triplets: 89.11155378486056
Train: [10800/25882 (74%)]	Loss: 0.538126	Average nonzero triplets: 88.56146179401993
Train: [13650/25882 (87%)]	Loss: 0.547078	Average nonzero triplets: 88.80626780626781
Train: [18800/25882 (99%)]	Loss: 0.542892	Average nonzero triplets: 89.9925187032419
Epoch: 90/100. Train set: Average loss: 0.5420	Average nonzero triplets: 90.03217821782178
Epoch: 90/100. Validation set: Average loss: 0.5621	Average nonzero triplets: 33.788288288288285
Train: [0/25882 (0%)]	Loss: 0.498274	Average nonzero triplets: 48.0
Train: [1600/25882 (12%)]	Loss: 0.555317	Average nonzero triplets: 86.33333333333333
Train: [5000/25882 (25%)]	Loss: 0.522856	Average nonzero triplets: 85.58415841584159
Train: [6750/25882 (37%)]	Loss: 0.529920	Average nonzero triplets: 88.41721854304636
Train: [9200/25882 (50%)]	Loss: 0.571176	Average nonzero triplets: 91.23880597014926
Train: [11500/25882 (62%)]	Loss: 0.541009	Average nonzero triplets: 89.93227091633466
Train: [11400/25882 (74%)]	Loss: 0.547880	Average nonzero triplets: 89.18936877076412
Train: [15050/25882 (87%)]	Loss: 0.563958	Average nonzero triplets: 89.52421652421653
Train: [18800/25882 (99%)]	Loss: 0.522417	Average nonzero triplets: 89.19201995012469
Epoch: 91/100. Train set: Average loss: 0.5441	Average nonzero triplets: 88.97772277227723
Epoch: 91/100. Validation set: Average loss: 0.5551	Average nonzero triplets: 34.41891891891892
Train: [0/25882 (0%)]	Loss: 0.489332	Average nonzero triplets: 87.0
Train: [1950/25882 (12%)]	Loss: 0.538051	Average nonzero triplets: 90.88235294117646
Train: [4300/25882 (25%)]	Loss: 0.558442	Average nonzero triplets: 94.07920792079207
Train: [7050/25882 (37%)]	Loss: 0.511067	Average nonzero triplets: 90.4635761589404
Train: [8400/25882 (50%)]	Loss: 0.547467	Average nonzero triplets: 90.97512437810946
Train: [11000/25882 (62%)]	Loss: 0.554076	Average nonzero triplets: 90.14342629482071
Train: [10800/25882 (74%)]	Loss: 0.537136	Average nonzero triplets: 90.01661129568106
Train: [12250/25882 (87%)]	Loss: 0.539417	Average nonzero triplets: 89.92307692307692
Train: [16800/25882 (99%)]	Loss: 0.557465	Average nonzero triplets: 90.0997506234414
Epoch: 92/100. Train set: Average loss: 0.5429	Average nonzero triplets: 90.10643564356435
Epoch: 92/100. Validation set: Average loss: 0.5606	Average nonzero triplets: 37.64414414414414
Train: [0/25882 (0%)]	Loss: 0.600797	Average nonzero triplets: 88.0
Train: [2500/25882 (12%)]	Loss: 0.528034	Average nonzero triplets: 84.6078431372549
Train: [3300/25882 (25%)]	Loss: 0.560672	Average nonzero triplets: 91.24752475247524
Train: [6000/25882 (37%)]	Loss: 0.542058	Average nonzero triplets: 92.12582781456953
Train: [8800/25882 (50%)]	Loss: 0.548419	Average nonzero triplets: 90.58208955223881
Train: [12500/25882 (62%)]	Loss: 0.519063	Average nonzero triplets: 90.20717131474103
Train: [15300/25882 (74%)]	Loss: 0.533572	Average nonzero triplets: 91.11295681063123
Train: [12950/25882 (87%)]	Loss: 0.553576	Average nonzero triplets: 91.68376068376068
Train: [14400/25882 (99%)]	Loss: 0.553467	Average nonzero triplets: 90.72319201995012
Epoch: 93/100. Train set: Average loss: 0.5425	Average nonzero triplets: 90.71782178217822
Epoch: 93/100. Validation set: Average loss: 0.5746	Average nonzero triplets: 38.207207207207205
Train: [0/25882 (0%)]	Loss: 0.701912	Average nonzero triplets: 65.0
Train: [2200/25882 (12%)]	Loss: 0.555201	Average nonzero triplets: 91.33333333333333
Train: [4200/25882 (25%)]	Loss: 0.536396	Average nonzero triplets: 87.81188118811882
Train: [6900/25882 (37%)]	Loss: 0.555191	Average nonzero triplets: 86.93377483443709
Train: [9600/25882 (50%)]	Loss: 0.553479	Average nonzero triplets: 86.62189054726367
Train: [12750/25882 (62%)]	Loss: 0.543709	Average nonzero triplets: 86.35059760956176
Train: [14400/25882 (74%)]	Loss: 0.555060	Average nonzero triplets: 86.75083056478405
Train: [11200/25882 (87%)]	Loss: 0.561415	Average nonzero triplets: 87.07977207977208
Train: [16400/25882 (99%)]	Loss: 0.571657	Average nonzero triplets: 86.9650872817955
Epoch: 94/100. Train set: Average loss: 0.5540	Average nonzero triplets: 86.93811881188118
Epoch: 94/100. Validation set: Average loss: 0.5650	Average nonzero triplets: 35.14414414414414
Train: [0/25882 (0%)]	Loss: 0.695910	Average nonzero triplets: 90.0
Train: [2250/25882 (12%)]	Loss: 0.537971	Average nonzero triplets: 83.15686274509804
Train: [3500/25882 (25%)]	Loss: 0.541321	Average nonzero triplets: 87.13861386138613
Train: [6150/25882 (37%)]	Loss: 0.560866	Average nonzero triplets: 88.6092715231788
Train: [8200/25882 (50%)]	Loss: 0.545484	Average nonzero triplets: 88.5273631840796
Train: [7500/25882 (62%)]	Loss: 0.581373	Average nonzero triplets: 89.31075697211155
Train: [14100/25882 (74%)]	Loss: 0.544961	Average nonzero triplets: 89.80398671096346
Train: [13650/25882 (87%)]	Loss: 0.542745	Average nonzero triplets: 89.07122507122507
Train: [18800/25882 (99%)]	Loss: 0.516579	Average nonzero triplets: 89.24688279301746
Epoch: 95/100. Train set: Average loss: 0.5471	Average nonzero triplets: 89.37376237623762
Epoch: 95/100. Validation set: Average loss: 0.5704	Average nonzero triplets: 36.8963963963964
Train: [0/25882 (0%)]	Loss: 0.448279	Average nonzero triplets: 82.0
Train: [2100/25882 (12%)]	Loss: 0.540952	Average nonzero triplets: 85.0
Train: [3800/25882 (25%)]	Loss: 0.551685	Average nonzero triplets: 85.57425742574257
Train: [6450/25882 (37%)]	Loss: 0.551271	Average nonzero triplets: 89.05298013245033
Train: [7400/25882 (50%)]	Loss: 0.548230	Average nonzero triplets: 89.0049751243781
Train: [9000/25882 (62%)]	Loss: 0.545914	Average nonzero triplets: 89.45816733067728
Train: [13500/25882 (74%)]	Loss: 0.564916	Average nonzero triplets: 89.29900332225914
Train: [15400/25882 (87%)]	Loss: 0.559568	Average nonzero triplets: 88.85185185185185
Train: [13200/25882 (99%)]	Loss: 0.516863	Average nonzero triplets: 88.29925187032418
Epoch: 96/100. Train set: Average loss: 0.5469	Average nonzero triplets: 88.24009900990099
Epoch: 96/100. Validation set: Average loss: 0.5529	Average nonzero triplets: 35.54504504504504
Train: [0/25882 (0%)]	Loss: 0.612223	Average nonzero triplets: 73.0
Train: [2450/25882 (12%)]	Loss: 0.520438	Average nonzero triplets: 88.70588235294117
Train: [4200/25882 (25%)]	Loss: 0.531703	Average nonzero triplets: 86.45544554455445
Train: [6750/25882 (37%)]	Loss: 0.568366	Average nonzero triplets: 88.91390728476821
Train: [9200/25882 (50%)]	Loss: 0.528201	Average nonzero triplets: 87.66169154228855
Train: [10000/25882 (62%)]	Loss: 0.577200	Average nonzero triplets: 87.73306772908367
Train: [11700/25882 (74%)]	Loss: 0.533379	Average nonzero triplets: 87.67441860465117
Train: [14700/25882 (87%)]	Loss: 0.517445	Average nonzero triplets: 87.79202279202279
Train: [17200/25882 (99%)]	Loss: 0.526343	Average nonzero triplets: 88.14962593516209
Epoch: 97/100. Train set: Average loss: 0.5376	Average nonzero triplets: 88.10643564356435
Epoch: 97/100. Validation set: Average loss: 0.5700	Average nonzero triplets: 35.833333333333336
Train: [0/25882 (0%)]	Loss: 0.553263	Average nonzero triplets: 115.0
Train: [2050/25882 (12%)]	Loss: 0.568185	Average nonzero triplets: 91.98039215686275
Train: [4500/25882 (25%)]	Loss: 0.544275	Average nonzero triplets: 90.63366336633663
Train: [6750/25882 (37%)]	Loss: 0.532430	Average nonzero triplets: 90.04635761589404
Train: [8200/25882 (50%)]	Loss: 0.535568	Average nonzero triplets: 89.22388059701493
Train: [12000/25882 (62%)]	Loss: 0.556422	Average nonzero triplets: 90.63346613545816
Train: [13800/25882 (74%)]	Loss: 0.553719	Average nonzero triplets: 90.41528239202658
Train: [12950/25882 (87%)]	Loss: 0.529295	Average nonzero triplets: 89.62108262108262
Train: [17200/25882 (99%)]	Loss: 0.536362	Average nonzero triplets: 89.24688279301746
Epoch: 98/100. Train set: Average loss: 0.5447	Average nonzero triplets: 89.36633663366337
Epoch: 98/100. Validation set: Average loss: 0.5648	Average nonzero triplets: 38.35585585585586
Train: [0/25882 (0%)]	Loss: 0.691598	Average nonzero triplets: 100.0
Train: [2150/25882 (12%)]	Loss: 0.517719	Average nonzero triplets: 90.2156862745098
Train: [4700/25882 (25%)]	Loss: 0.558152	Average nonzero triplets: 90.91089108910892
Train: [5100/25882 (37%)]	Loss: 0.574863	Average nonzero triplets: 89.82119205298014
Train: [8000/25882 (50%)]	Loss: 0.542306	Average nonzero triplets: 88.1542288557214
Train: [10000/25882 (62%)]	Loss: 0.556591	Average nonzero triplets: 89.60956175298804
Train: [14100/25882 (74%)]	Loss: 0.552354	Average nonzero triplets: 90.27242524916943
Train: [13650/25882 (87%)]	Loss: 0.546999	Average nonzero triplets: 89.91168091168092
Train: [16000/25882 (99%)]	Loss: 0.542510	Average nonzero triplets: 90.38403990024938
Epoch: 99/100. Train set: Average loss: 0.5493	Average nonzero triplets: 90.44059405940594
Epoch: 99/100. Validation set: Average loss: 0.5625	Average nonzero triplets: 35.049549549549546
Train: [0/25882 (0%)]	Loss: 0.398919	Average nonzero triplets: 76.0
Train: [2500/25882 (12%)]	Loss: 0.543300	Average nonzero triplets: 83.2156862745098
Train: [3300/25882 (25%)]	Loss: 0.519473	Average nonzero triplets: 84.93069306930693
Train: [7200/25882 (37%)]	Loss: 0.525009	Average nonzero triplets: 86.57615894039735
Train: [8200/25882 (50%)]	Loss: 0.528623	Average nonzero triplets: 87.54726368159204
Train: [9250/25882 (62%)]	Loss: 0.515548	Average nonzero triplets: 87.8207171314741
Train: [14700/25882 (74%)]	Loss: 0.529629	Average nonzero triplets: 87.71428571428571
Train: [14700/25882 (87%)]	Loss: 0.528080	Average nonzero triplets: 88.12820512820512
Train: [15200/25882 (99%)]	Loss: 0.535969	Average nonzero triplets: 88.67581047381546
Epoch: 100/100. Train set: Average loss: 0.5272	Average nonzero triplets: 88.64603960396039
Epoch: 100/100. Validation set: Average loss: 0.5572	Average nonzero triplets: 35.373873873873876
done training
